2019-03-06 12:00:20.983  INFO LAPTOP-Tahir --- [           main] .b.t.c.SpringBootTestContextBootstrapper:308 : Neither @ContextConfiguration nor @ContextHierarchy found for test class [com.safari.pg.cbsint.pur.CreateProductTests], using SpringBootContextLoader
2019-03-06 12:00:21.024  INFO LAPTOP-Tahir --- [           main] o.s.t.c.s.AbstractContextLoader         :264 : Could not detect default resource locations for test class [com.safari.pg.cbsint.pur.CreateProductTests]: no resource found for suffixes {-context.xml, Context.groovy}.
2019-03-06 12:00:21.367  INFO LAPTOP-Tahir --- [           main] .b.t.c.SpringBootTestContextBootstrapper:248 : Loaded default TestExecutionListener class names from location [META-INF/spring.factories]: [org.springframework.boot.test.mock.mockito.MockitoTestExecutionListener, org.springframework.boot.test.mock.mockito.ResetMocksTestExecutionListener, org.springframework.boot.test.autoconfigure.restdocs.RestDocsTestExecutionListener, org.springframework.boot.test.autoconfigure.web.client.MockRestServiceServerResetTestExecutionListener, org.springframework.boot.test.autoconfigure.web.servlet.MockMvcPrintOnlyOnFailureTestExecutionListener, org.springframework.boot.test.autoconfigure.web.servlet.WebDriverTestExecutionListener, org.springframework.test.context.web.ServletTestExecutionListener, org.springframework.test.context.support.DirtiesContextBeforeModesTestExecutionListener, org.springframework.test.context.support.DependencyInjectionTestExecutionListener, org.springframework.test.context.support.DirtiesContextTestExecutionListener, org.springframework.test.context.transaction.TransactionalTestExecutionListener, org.springframework.test.context.jdbc.SqlScriptsTestExecutionListener]
2019-03-06 12:00:21.393  INFO LAPTOP-Tahir --- [           main] .b.t.c.SpringBootTestContextBootstrapper:177 : Using TestExecutionListeners: [org.springframework.test.context.web.ServletTestExecutionListener@8458f04, org.springframework.test.context.support.DirtiesContextBeforeModesTestExecutionListener@48075da3, org.springframework.boot.test.mock.mockito.MockitoTestExecutionListener@68c9133c, org.springframework.boot.test.autoconfigure.SpringBootDependencyInjectionTestExecutionListener@7a35b0f5, org.springframework.test.context.support.DirtiesContextTestExecutionListener@5e2c3d18, org.springframework.test.context.transaction.TransactionalTestExecutionListener@2cb4893b, org.springframework.test.context.jdbc.SqlScriptsTestExecutionListener@cc43f62, org.springframework.boot.test.mock.mockito.ResetMocksTestExecutionListener@5b218417, org.springframework.boot.test.autoconfigure.restdocs.RestDocsTestExecutionListener@645aa696, org.springframework.boot.test.autoconfigure.web.client.MockRestServiceServerResetTestExecutionListener@6caf0677, org.springframework.boot.test.autoconfigure.web.servlet.MockMvcPrintOnlyOnFailureTestExecutionListener@413d1baf, org.springframework.boot.test.autoconfigure.web.servlet.WebDriverTestExecutionListener@16eb3ea3]
2019-03-06 12:00:22.296  INFO LAPTOP-Tahir --- [           main] c.s.p.c.p.CreateProductTests            :50 : Starting CreateProductTests on LAPTOP-Tahir with PID 12536 (started by Mh9 in C:\apps\todo\todo)
2019-03-06 12:00:22.297  INFO LAPTOP-Tahir --- [           main] c.s.p.c.p.CreateProductTests            :679 : The following profiles are active: test
2019-03-06 12:00:24.925  INFO LAPTOP-Tahir --- [           main] trationDelegate$BeanPostProcessorChecker:330 : Bean 'org.springframework.transaction.annotation.ProxyTransactionManagementConfiguration' of type [org.springframework.transaction.annotation.ProxyTransactionManagementConfiguration$$EnhancerBySpringCGLIB$$f5b62531] is not eligible for getting processed by all BeanPostProcessors (for example: not eligible for auto-proxying)
2019-03-06 12:00:26.257  INFO LAPTOP-Tahir --- [           main] o.s.b.a.e.w.EndpointLinksResolver       :59 : Exposing 14 endpoint(s) beneath base path '/actuator'
2019-03-06 12:00:27.106  INFO LAPTOP-Tahir --- [           main] pertySourcedRequestMappingHandlerMapping:69 : Mapped URL path [/v2/api-docs] onto method [public org.springframework.http.ResponseEntity<springfox.documentation.spring.web.json.Json> springfox.documentation.swagger2.web.Swagger2Controller.getDocumentation(java.lang.String,javax.servlet.http.HttpServletRequest)]
2019-03-06 12:00:28.079  INFO LAPTOP-Tahir --- [           main] o.s.s.c.ThreadPoolTaskExecutor          :171 : Initializing ExecutorService 'applicationTaskExecutor'
2019-03-06 12:00:28.701  INFO LAPTOP-Tahir --- [           main] d.s.w.p.DocumentationPluginsBootstrapper:160 : Context refreshed
2019-03-06 12:00:28.787  INFO LAPTOP-Tahir --- [           main] d.s.w.p.DocumentationPluginsBootstrapper:163 : Found 1 custom documentation plugin(s)
2019-03-06 12:00:28.827  INFO LAPTOP-Tahir --- [           main] s.d.s.w.s.ApiListingReferenceScanner    :41 : Scanning for api listing references
2019-03-06 12:00:29.171  INFO LAPTOP-Tahir --- [           main] .d.s.w.r.o.CachingOperationNameGenerator:40 : Generating unique operation named: handleUsingGET_1
2019-03-06 12:00:29.173  INFO LAPTOP-Tahir --- [           main] .d.s.w.r.o.CachingOperationNameGenerator:40 : Generating unique operation named: handleUsingGET_2
2019-03-06 12:00:29.178  INFO LAPTOP-Tahir --- [           main] .d.s.w.r.o.CachingOperationNameGenerator:40 : Generating unique operation named: handleUsingGET_3
2019-03-06 12:00:29.180  INFO LAPTOP-Tahir --- [           main] .d.s.w.r.o.CachingOperationNameGenerator:40 : Generating unique operation named: handleUsingDELETE_1
2019-03-06 12:00:29.183  INFO LAPTOP-Tahir --- [           main] .d.s.w.r.o.CachingOperationNameGenerator:40 : Generating unique operation named: handleUsingGET_4
2019-03-06 12:00:29.186  INFO LAPTOP-Tahir --- [           main] .d.s.w.r.o.CachingOperationNameGenerator:40 : Generating unique operation named: handleUsingGET_5
2019-03-06 12:00:29.188  INFO LAPTOP-Tahir --- [           main] .d.s.w.r.o.CachingOperationNameGenerator:40 : Generating unique operation named: handleUsingGET_6
2019-03-06 12:00:29.191  INFO LAPTOP-Tahir --- [           main] .d.s.w.r.o.CachingOperationNameGenerator:40 : Generating unique operation named: handleUsingGET_7
2019-03-06 12:00:29.193  INFO LAPTOP-Tahir --- [           main] .d.s.w.r.o.CachingOperationNameGenerator:40 : Generating unique operation named: handleUsingGET_8
2019-03-06 12:00:29.195  INFO LAPTOP-Tahir --- [           main] .d.s.w.r.o.CachingOperationNameGenerator:40 : Generating unique operation named: handleUsingGET_9
2019-03-06 12:00:29.197  INFO LAPTOP-Tahir --- [           main] .d.s.w.r.o.CachingOperationNameGenerator:40 : Generating unique operation named: handleUsingGET_10
2019-03-06 12:00:29.199  INFO LAPTOP-Tahir --- [           main] .d.s.w.r.o.CachingOperationNameGenerator:40 : Generating unique operation named: handleUsingGET_11
2019-03-06 12:00:29.201  INFO LAPTOP-Tahir --- [           main] .d.s.w.r.o.CachingOperationNameGenerator:40 : Generating unique operation named: handleUsingGET_12
2019-03-06 12:00:29.202  INFO LAPTOP-Tahir --- [           main] .d.s.w.r.o.CachingOperationNameGenerator:40 : Generating unique operation named: handleUsingGET_13
2019-03-06 12:00:29.203  INFO LAPTOP-Tahir --- [           main] .d.s.w.r.o.CachingOperationNameGenerator:40 : Generating unique operation named: handleUsingGET_14
2019-03-06 12:00:29.205  INFO LAPTOP-Tahir --- [           main] .d.s.w.r.o.CachingOperationNameGenerator:40 : Generating unique operation named: handleUsingGET_15
2019-03-06 12:00:29.207  INFO LAPTOP-Tahir --- [           main] .d.s.w.r.o.CachingOperationNameGenerator:40 : Generating unique operation named: handleUsingGET_16
2019-03-06 12:00:29.209  INFO LAPTOP-Tahir --- [           main] .d.s.w.r.o.CachingOperationNameGenerator:40 : Generating unique operation named: handleUsingGET_17
2019-03-06 12:00:29.211  INFO LAPTOP-Tahir --- [           main] .d.s.w.r.o.CachingOperationNameGenerator:40 : Generating unique operation named: handleUsingGET_18
2019-03-06 12:00:29.234  INFO LAPTOP-Tahir --- [           main] .d.s.w.r.o.CachingOperationNameGenerator:40 : Generating unique operation named: listTodoUsingGET_1
2019-03-06 12:00:29.258  INFO LAPTOP-Tahir --- [           main] c.s.p.c.p.CreateProductTests            :59 : Started CreateProductTests in 7.654 seconds (JVM running for 9.842)
2019-03-06 12:00:30.286  INFO LAPTOP-Tahir --- [           main] c.z.h.HikariDataSource                  :110 : HikariConnectionPool - Starting...
2019-03-06 12:00:36.054  INFO LAPTOP-Tahir --- [           main] c.z.h.HikariDataSource                  :123 : HikariConnectionPool - Start completed.
2019-03-06 12:00:38.609  INFO LAPTOP-Tahir --- [       Thread-5] o.s.s.c.ThreadPoolTaskExecutor          :208 : Shutting down ExecutorService 'applicationTaskExecutor'
2019-03-06 12:00:38.610  INFO LAPTOP-Tahir --- [       Thread-5] c.z.h.HikariDataSource                  :350 : HikariConnectionPool - Shutdown initiated...
2019-03-06 12:00:39.734  INFO LAPTOP-Tahir --- [       Thread-5] c.z.h.HikariDataSource                  :352 : HikariConnectionPool - Shutdown completed.
2019-03-06 12:01:16.631  INFO LAPTOP-Tahir --- [           main] .b.t.c.SpringBootTestContextBootstrapper:308 : Neither @ContextConfiguration nor @ContextHierarchy found for test class [com.safari.pg.cbsint.pur.CreateBankTests], using SpringBootContextLoader
2019-03-06 12:01:16.644  INFO LAPTOP-Tahir --- [           main] o.s.t.c.s.AbstractContextLoader         :264 : Could not detect default resource locations for test class [com.safari.pg.cbsint.pur.CreateBankTests]: no resource found for suffixes {-context.xml, Context.groovy}.
2019-03-06 12:01:16.841  INFO LAPTOP-Tahir --- [           main] .b.t.c.SpringBootTestContextBootstrapper:248 : Loaded default TestExecutionListener class names from location [META-INF/spring.factories]: [org.springframework.boot.test.mock.mockito.MockitoTestExecutionListener, org.springframework.boot.test.mock.mockito.ResetMocksTestExecutionListener, org.springframework.boot.test.autoconfigure.restdocs.RestDocsTestExecutionListener, org.springframework.boot.test.autoconfigure.web.client.MockRestServiceServerResetTestExecutionListener, org.springframework.boot.test.autoconfigure.web.servlet.MockMvcPrintOnlyOnFailureTestExecutionListener, org.springframework.boot.test.autoconfigure.web.servlet.WebDriverTestExecutionListener, org.springframework.test.context.web.ServletTestExecutionListener, org.springframework.test.context.support.DirtiesContextBeforeModesTestExecutionListener, org.springframework.test.context.support.DependencyInjectionTestExecutionListener, org.springframework.test.context.support.DirtiesContextTestExecutionListener, org.springframework.test.context.transaction.TransactionalTestExecutionListener, org.springframework.test.context.jdbc.SqlScriptsTestExecutionListener]
2019-03-06 12:01:16.858  INFO LAPTOP-Tahir --- [           main] .b.t.c.SpringBootTestContextBootstrapper:177 : Using TestExecutionListeners: [org.springframework.test.context.web.ServletTestExecutionListener@3f191845, org.springframework.test.context.support.DirtiesContextBeforeModesTestExecutionListener@5f049ea1, org.springframework.boot.test.mock.mockito.MockitoTestExecutionListener@72cc7e6f, org.springframework.boot.test.autoconfigure.SpringBootDependencyInjectionTestExecutionListener@5afa3c9, org.springframework.test.context.support.DirtiesContextTestExecutionListener@72035809, org.springframework.test.context.transaction.TransactionalTestExecutionListener@909217e, org.springframework.test.context.jdbc.SqlScriptsTestExecutionListener@18271936, org.springframework.boot.test.mock.mockito.ResetMocksTestExecutionListener@606e4010, org.springframework.boot.test.autoconfigure.restdocs.RestDocsTestExecutionListener@8458f04, org.springframework.boot.test.autoconfigure.web.client.MockRestServiceServerResetTestExecutionListener@48075da3, org.springframework.boot.test.autoconfigure.web.servlet.MockMvcPrintOnlyOnFailureTestExecutionListener@68c9133c, org.springframework.boot.test.autoconfigure.web.servlet.WebDriverTestExecutionListener@7a35b0f5]
2019-03-06 12:01:17.251  INFO LAPTOP-Tahir --- [           main] c.s.p.c.p.CreateBankTests               :50 : Starting CreateBankTests on LAPTOP-Tahir with PID 7228 (started by Mh9 in C:\apps\todo\todo)
2019-03-06 12:01:17.252  INFO LAPTOP-Tahir --- [           main] c.s.p.c.p.CreateBankTests               :679 : The following profiles are active: test
2019-03-06 12:01:19.441  INFO LAPTOP-Tahir --- [           main] trationDelegate$BeanPostProcessorChecker:330 : Bean 'org.springframework.transaction.annotation.ProxyTransactionManagementConfiguration' of type [org.springframework.transaction.annotation.ProxyTransactionManagementConfiguration$$EnhancerBySpringCGLIB$$b1d9f7c] is not eligible for getting processed by all BeanPostProcessors (for example: not eligible for auto-proxying)
2019-03-06 12:01:20.969  INFO LAPTOP-Tahir --- [           main] o.s.b.a.e.w.EndpointLinksResolver       :59 : Exposing 14 endpoint(s) beneath base path '/actuator'
2019-03-06 12:01:21.416  INFO LAPTOP-Tahir --- [           main] pertySourcedRequestMappingHandlerMapping:69 : Mapped URL path [/v2/api-docs] onto method [public org.springframework.http.ResponseEntity<springfox.documentation.spring.web.json.Json> springfox.documentation.swagger2.web.Swagger2Controller.getDocumentation(java.lang.String,javax.servlet.http.HttpServletRequest)]
2019-03-06 12:01:22.195  INFO LAPTOP-Tahir --- [           main] o.s.s.c.ThreadPoolTaskExecutor          :171 : Initializing ExecutorService 'applicationTaskExecutor'
2019-03-06 12:01:22.806  INFO LAPTOP-Tahir --- [           main] d.s.w.p.DocumentationPluginsBootstrapper:160 : Context refreshed
2019-03-06 12:01:22.839  INFO LAPTOP-Tahir --- [           main] d.s.w.p.DocumentationPluginsBootstrapper:163 : Found 1 custom documentation plugin(s)
2019-03-06 12:01:22.877  INFO LAPTOP-Tahir --- [           main] s.d.s.w.s.ApiListingReferenceScanner    :41 : Scanning for api listing references
2019-03-06 12:01:23.108  INFO LAPTOP-Tahir --- [           main] .d.s.w.r.o.CachingOperationNameGenerator:40 : Generating unique operation named: handleUsingGET_1
2019-03-06 12:01:23.111  INFO LAPTOP-Tahir --- [           main] .d.s.w.r.o.CachingOperationNameGenerator:40 : Generating unique operation named: handleUsingGET_2
2019-03-06 12:01:23.115  INFO LAPTOP-Tahir --- [           main] .d.s.w.r.o.CachingOperationNameGenerator:40 : Generating unique operation named: handleUsingGET_3
2019-03-06 12:01:23.118  INFO LAPTOP-Tahir --- [           main] .d.s.w.r.o.CachingOperationNameGenerator:40 : Generating unique operation named: handleUsingDELETE_1
2019-03-06 12:01:23.120  INFO LAPTOP-Tahir --- [           main] .d.s.w.r.o.CachingOperationNameGenerator:40 : Generating unique operation named: handleUsingGET_4
2019-03-06 12:01:23.122  INFO LAPTOP-Tahir --- [           main] .d.s.w.r.o.CachingOperationNameGenerator:40 : Generating unique operation named: handleUsingGET_5
2019-03-06 12:01:23.125  INFO LAPTOP-Tahir --- [           main] .d.s.w.r.o.CachingOperationNameGenerator:40 : Generating unique operation named: handleUsingGET_6
2019-03-06 12:01:23.127  INFO LAPTOP-Tahir --- [           main] .d.s.w.r.o.CachingOperationNameGenerator:40 : Generating unique operation named: handleUsingGET_7
2019-03-06 12:01:23.130  INFO LAPTOP-Tahir --- [           main] .d.s.w.r.o.CachingOperationNameGenerator:40 : Generating unique operation named: handleUsingGET_8
2019-03-06 12:01:23.132  INFO LAPTOP-Tahir --- [           main] .d.s.w.r.o.CachingOperationNameGenerator:40 : Generating unique operation named: handleUsingGET_9
2019-03-06 12:01:23.134  INFO LAPTOP-Tahir --- [           main] .d.s.w.r.o.CachingOperationNameGenerator:40 : Generating unique operation named: handleUsingGET_10
2019-03-06 12:01:23.137  INFO LAPTOP-Tahir --- [           main] .d.s.w.r.o.CachingOperationNameGenerator:40 : Generating unique operation named: handleUsingGET_11
2019-03-06 12:01:23.139  INFO LAPTOP-Tahir --- [           main] .d.s.w.r.o.CachingOperationNameGenerator:40 : Generating unique operation named: handleUsingGET_12
2019-03-06 12:01:23.141  INFO LAPTOP-Tahir --- [           main] .d.s.w.r.o.CachingOperationNameGenerator:40 : Generating unique operation named: handleUsingGET_13
2019-03-06 12:01:23.143  INFO LAPTOP-Tahir --- [           main] .d.s.w.r.o.CachingOperationNameGenerator:40 : Generating unique operation named: handleUsingGET_14
2019-03-06 12:01:23.146  INFO LAPTOP-Tahir --- [           main] .d.s.w.r.o.CachingOperationNameGenerator:40 : Generating unique operation named: handleUsingGET_15
2019-03-06 12:01:23.148  INFO LAPTOP-Tahir --- [           main] .d.s.w.r.o.CachingOperationNameGenerator:40 : Generating unique operation named: handleUsingGET_16
2019-03-06 12:01:23.150  INFO LAPTOP-Tahir --- [           main] .d.s.w.r.o.CachingOperationNameGenerator:40 : Generating unique operation named: handleUsingGET_17
2019-03-06 12:01:23.153  INFO LAPTOP-Tahir --- [           main] .d.s.w.r.o.CachingOperationNameGenerator:40 : Generating unique operation named: handleUsingGET_18
2019-03-06 12:01:23.175  INFO LAPTOP-Tahir --- [           main] .d.s.w.r.o.CachingOperationNameGenerator:40 : Generating unique operation named: listTodoUsingGET_1
2019-03-06 12:01:23.202  INFO LAPTOP-Tahir --- [           main] c.s.p.c.p.CreateBankTests               :59 : Started CreateBankTests in 6.28 seconds (JVM running for 7.892)
2019-03-06 12:01:23.537  INFO LAPTOP-Tahir --- [           main] c.z.h.HikariDataSource                  :110 : HikariConnectionPool - Starting...
2019-03-06 12:01:28.848  INFO LAPTOP-Tahir --- [           main] c.z.h.HikariDataSource                  :123 : HikariConnectionPool - Start completed.
2019-03-06 12:01:31.243  INFO LAPTOP-Tahir --- [       Thread-5] o.s.s.c.ThreadPoolTaskExecutor          :208 : Shutting down ExecutorService 'applicationTaskExecutor'
2019-03-06 12:01:31.244  INFO LAPTOP-Tahir --- [       Thread-5] c.z.h.HikariDataSource                  :350 : HikariConnectionPool - Shutdown initiated...
2019-03-06 12:01:32.201  INFO LAPTOP-Tahir --- [       Thread-5] c.z.h.HikariDataSource                  :352 : HikariConnectionPool - Shutdown completed.
2019-03-06 12:02:00.066  INFO LAPTOP-Tahir --- [           main] .b.t.c.SpringBootTestContextBootstrapper:308 : Neither @ContextConfiguration nor @ContextHierarchy found for test class [com.safari.pg.cbsint.pur.UpdateSysConfigParamTests], using SpringBootContextLoader
2019-03-06 12:02:00.076  INFO LAPTOP-Tahir --- [           main] o.s.t.c.s.AbstractContextLoader         :264 : Could not detect default resource locations for test class [com.safari.pg.cbsint.pur.UpdateSysConfigParamTests]: no resource found for suffixes {-context.xml, Context.groovy}.
2019-03-06 12:02:00.228  INFO LAPTOP-Tahir --- [           main] .b.t.c.SpringBootTestContextBootstrapper:248 : Loaded default TestExecutionListener class names from location [META-INF/spring.factories]: [org.springframework.boot.test.mock.mockito.MockitoTestExecutionListener, org.springframework.boot.test.mock.mockito.ResetMocksTestExecutionListener, org.springframework.boot.test.autoconfigure.restdocs.RestDocsTestExecutionListener, org.springframework.boot.test.autoconfigure.web.client.MockRestServiceServerResetTestExecutionListener, org.springframework.boot.test.autoconfigure.web.servlet.MockMvcPrintOnlyOnFailureTestExecutionListener, org.springframework.boot.test.autoconfigure.web.servlet.WebDriverTestExecutionListener, org.springframework.test.context.web.ServletTestExecutionListener, org.springframework.test.context.support.DirtiesContextBeforeModesTestExecutionListener, org.springframework.test.context.support.DependencyInjectionTestExecutionListener, org.springframework.test.context.support.DirtiesContextTestExecutionListener, org.springframework.test.context.transaction.TransactionalTestExecutionListener, org.springframework.test.context.jdbc.SqlScriptsTestExecutionListener]
2019-03-06 12:02:00.247  INFO LAPTOP-Tahir --- [           main] .b.t.c.SpringBootTestContextBootstrapper:177 : Using TestExecutionListeners: [org.springframework.test.context.web.ServletTestExecutionListener@28261e8e, org.springframework.test.context.support.DirtiesContextBeforeModesTestExecutionListener@d737b89, org.springframework.boot.test.mock.mockito.MockitoTestExecutionListener@8519cb4, org.springframework.boot.test.autoconfigure.SpringBootDependencyInjectionTestExecutionListener@35dab4eb, org.springframework.test.context.support.DirtiesContextTestExecutionListener@2d901eb0, org.springframework.test.context.transaction.TransactionalTestExecutionListener@3ba987b8, org.springframework.test.context.jdbc.SqlScriptsTestExecutionListener@3f191845, org.springframework.boot.test.mock.mockito.ResetMocksTestExecutionListener@5f049ea1, org.springframework.boot.test.autoconfigure.restdocs.RestDocsTestExecutionListener@72cc7e6f, org.springframework.boot.test.autoconfigure.web.client.MockRestServiceServerResetTestExecutionListener@5afa3c9, org.springframework.boot.test.autoconfigure.web.servlet.MockMvcPrintOnlyOnFailureTestExecutionListener@72035809, org.springframework.boot.test.autoconfigure.web.servlet.WebDriverTestExecutionListener@909217e]
2019-03-06 12:02:00.606  INFO LAPTOP-Tahir --- [           main] c.s.p.c.p.UpdateSysConfigParamTests     :50 : Starting UpdateSysConfigParamTests on LAPTOP-Tahir with PID 12036 (started by Mh9 in C:\apps\todo\todo)
2019-03-06 12:02:00.607  INFO LAPTOP-Tahir --- [           main] c.s.p.c.p.UpdateSysConfigParamTests     :679 : The following profiles are active: test
2019-03-06 12:02:02.811  INFO LAPTOP-Tahir --- [           main] trationDelegate$BeanPostProcessorChecker:330 : Bean 'org.springframework.transaction.annotation.ProxyTransactionManagementConfiguration' of type [org.springframework.transaction.annotation.ProxyTransactionManagementConfiguration$$EnhancerBySpringCGLIB$$b33991dc] is not eligible for getting processed by all BeanPostProcessors (for example: not eligible for auto-proxying)
2019-03-06 12:02:04.172  INFO LAPTOP-Tahir --- [           main] o.s.b.a.e.w.EndpointLinksResolver       :59 : Exposing 14 endpoint(s) beneath base path '/actuator'
2019-03-06 12:02:04.629  INFO LAPTOP-Tahir --- [           main] pertySourcedRequestMappingHandlerMapping:69 : Mapped URL path [/v2/api-docs] onto method [public org.springframework.http.ResponseEntity<springfox.documentation.spring.web.json.Json> springfox.documentation.swagger2.web.Swagger2Controller.getDocumentation(java.lang.String,javax.servlet.http.HttpServletRequest)]
2019-03-06 12:02:05.540  INFO LAPTOP-Tahir --- [           main] o.s.s.c.ThreadPoolTaskExecutor          :171 : Initializing ExecutorService 'applicationTaskExecutor'
2019-03-06 12:02:06.135  INFO LAPTOP-Tahir --- [           main] d.s.w.p.DocumentationPluginsBootstrapper:160 : Context refreshed
2019-03-06 12:02:06.168  INFO LAPTOP-Tahir --- [           main] d.s.w.p.DocumentationPluginsBootstrapper:163 : Found 1 custom documentation plugin(s)
2019-03-06 12:02:06.221  INFO LAPTOP-Tahir --- [           main] s.d.s.w.s.ApiListingReferenceScanner    :41 : Scanning for api listing references
2019-03-06 12:02:06.439  INFO LAPTOP-Tahir --- [           main] .d.s.w.r.o.CachingOperationNameGenerator:40 : Generating unique operation named: handleUsingGET_1
2019-03-06 12:02:06.441  INFO LAPTOP-Tahir --- [           main] .d.s.w.r.o.CachingOperationNameGenerator:40 : Generating unique operation named: handleUsingGET_2
2019-03-06 12:02:06.445  INFO LAPTOP-Tahir --- [           main] .d.s.w.r.o.CachingOperationNameGenerator:40 : Generating unique operation named: handleUsingGET_3
2019-03-06 12:02:06.447  INFO LAPTOP-Tahir --- [           main] .d.s.w.r.o.CachingOperationNameGenerator:40 : Generating unique operation named: handleUsingDELETE_1
2019-03-06 12:02:06.448  INFO LAPTOP-Tahir --- [           main] .d.s.w.r.o.CachingOperationNameGenerator:40 : Generating unique operation named: handleUsingGET_4
2019-03-06 12:02:06.450  INFO LAPTOP-Tahir --- [           main] .d.s.w.r.o.CachingOperationNameGenerator:40 : Generating unique operation named: handleUsingGET_5
2019-03-06 12:02:06.452  INFO LAPTOP-Tahir --- [           main] .d.s.w.r.o.CachingOperationNameGenerator:40 : Generating unique operation named: handleUsingGET_6
2019-03-06 12:02:06.453  INFO LAPTOP-Tahir --- [           main] .d.s.w.r.o.CachingOperationNameGenerator:40 : Generating unique operation named: handleUsingGET_7
2019-03-06 12:02:06.455  INFO LAPTOP-Tahir --- [           main] .d.s.w.r.o.CachingOperationNameGenerator:40 : Generating unique operation named: handleUsingGET_8
2019-03-06 12:02:06.457  INFO LAPTOP-Tahir --- [           main] .d.s.w.r.o.CachingOperationNameGenerator:40 : Generating unique operation named: handleUsingGET_9
2019-03-06 12:02:06.458  INFO LAPTOP-Tahir --- [           main] .d.s.w.r.o.CachingOperationNameGenerator:40 : Generating unique operation named: handleUsingGET_10
2019-03-06 12:02:06.460  INFO LAPTOP-Tahir --- [           main] .d.s.w.r.o.CachingOperationNameGenerator:40 : Generating unique operation named: handleUsingGET_11
2019-03-06 12:02:06.461  INFO LAPTOP-Tahir --- [           main] .d.s.w.r.o.CachingOperationNameGenerator:40 : Generating unique operation named: handleUsingGET_12
2019-03-06 12:02:06.463  INFO LAPTOP-Tahir --- [           main] .d.s.w.r.o.CachingOperationNameGenerator:40 : Generating unique operation named: handleUsingGET_13
2019-03-06 12:02:06.464  INFO LAPTOP-Tahir --- [           main] .d.s.w.r.o.CachingOperationNameGenerator:40 : Generating unique operation named: handleUsingGET_14
2019-03-06 12:02:06.466  INFO LAPTOP-Tahir --- [           main] .d.s.w.r.o.CachingOperationNameGenerator:40 : Generating unique operation named: handleUsingGET_15
2019-03-06 12:02:06.467  INFO LAPTOP-Tahir --- [           main] .d.s.w.r.o.CachingOperationNameGenerator:40 : Generating unique operation named: handleUsingGET_16
2019-03-06 12:02:06.468  INFO LAPTOP-Tahir --- [           main] .d.s.w.r.o.CachingOperationNameGenerator:40 : Generating unique operation named: handleUsingGET_17
2019-03-06 12:02:06.470  INFO LAPTOP-Tahir --- [           main] .d.s.w.r.o.CachingOperationNameGenerator:40 : Generating unique operation named: handleUsingGET_18
2019-03-06 12:02:06.489  INFO LAPTOP-Tahir --- [           main] .d.s.w.r.o.CachingOperationNameGenerator:40 : Generating unique operation named: listTodoUsingGET_1
2019-03-06 12:02:06.524  INFO LAPTOP-Tahir --- [           main] c.s.p.c.p.UpdateSysConfigParamTests     :59 : Started UpdateSysConfigParamTests in 6.218 seconds (JVM running for 7.782)
2019-03-06 12:02:06.813  INFO LAPTOP-Tahir --- [           main] c.z.h.HikariDataSource                  :110 : HikariConnectionPool - Starting...
2019-03-06 12:02:11.659  INFO LAPTOP-Tahir --- [           main] c.z.h.HikariDataSource                  :123 : HikariConnectionPool - Start completed.
2019-03-06 12:02:16.649  INFO LAPTOP-Tahir --- [       Thread-5] o.s.s.c.ThreadPoolTaskExecutor          :208 : Shutting down ExecutorService 'applicationTaskExecutor'
2019-03-06 12:02:16.650  INFO LAPTOP-Tahir --- [       Thread-5] c.z.h.HikariDataSource                  :350 : HikariConnectionPool - Shutdown initiated...
2019-03-06 12:02:17.417  INFO LAPTOP-Tahir --- [       Thread-5] c.z.h.HikariDataSource                  :352 : HikariConnectionPool - Shutdown completed.
2019-03-06 12:02:36.582  INFO LAPTOP-Tahir --- [           main] .b.t.c.SpringBootTestContextBootstrapper:308 : Neither @ContextConfiguration nor @ContextHierarchy found for test class [com.safari.pg.cbsint.pur.UpdateSysConfigParamTests], using SpringBootContextLoader
2019-03-06 12:02:36.598  INFO LAPTOP-Tahir --- [           main] o.s.t.c.s.AbstractContextLoader         :264 : Could not detect default resource locations for test class [com.safari.pg.cbsint.pur.UpdateSysConfigParamTests]: no resource found for suffixes {-context.xml, Context.groovy}.
2019-03-06 12:02:36.870  INFO LAPTOP-Tahir --- [           main] .b.t.c.SpringBootTestContextBootstrapper:248 : Loaded default TestExecutionListener class names from location [META-INF/spring.factories]: [org.springframework.boot.test.mock.mockito.MockitoTestExecutionListener, org.springframework.boot.test.mock.mockito.ResetMocksTestExecutionListener, org.springframework.boot.test.autoconfigure.restdocs.RestDocsTestExecutionListener, org.springframework.boot.test.autoconfigure.web.client.MockRestServiceServerResetTestExecutionListener, org.springframework.boot.test.autoconfigure.web.servlet.MockMvcPrintOnlyOnFailureTestExecutionListener, org.springframework.boot.test.autoconfigure.web.servlet.WebDriverTestExecutionListener, org.springframework.test.context.web.ServletTestExecutionListener, org.springframework.test.context.support.DirtiesContextBeforeModesTestExecutionListener, org.springframework.test.context.support.DependencyInjectionTestExecutionListener, org.springframework.test.context.support.DirtiesContextTestExecutionListener, org.springframework.test.context.transaction.TransactionalTestExecutionListener, org.springframework.test.context.jdbc.SqlScriptsTestExecutionListener]
2019-03-06 12:02:36.904  INFO LAPTOP-Tahir --- [           main] .b.t.c.SpringBootTestContextBootstrapper:177 : Using TestExecutionListeners: [org.springframework.test.context.web.ServletTestExecutionListener@3f191845, org.springframework.test.context.support.DirtiesContextBeforeModesTestExecutionListener@5f049ea1, org.springframework.boot.test.mock.mockito.MockitoTestExecutionListener@72cc7e6f, org.springframework.boot.test.autoconfigure.SpringBootDependencyInjectionTestExecutionListener@5afa3c9, org.springframework.test.context.support.DirtiesContextTestExecutionListener@72035809, org.springframework.test.context.transaction.TransactionalTestExecutionListener@909217e, org.springframework.test.context.jdbc.SqlScriptsTestExecutionListener@18271936, org.springframework.boot.test.mock.mockito.ResetMocksTestExecutionListener@606e4010, org.springframework.boot.test.autoconfigure.restdocs.RestDocsTestExecutionListener@8458f04, org.springframework.boot.test.autoconfigure.web.client.MockRestServiceServerResetTestExecutionListener@48075da3, org.springframework.boot.test.autoconfigure.web.servlet.MockMvcPrintOnlyOnFailureTestExecutionListener@68c9133c, org.springframework.boot.test.autoconfigure.web.servlet.WebDriverTestExecutionListener@7a35b0f5]
2019-03-06 12:02:37.372  INFO LAPTOP-Tahir --- [           main] c.s.p.c.p.UpdateSysConfigParamTests     :50 : Starting UpdateSysConfigParamTests on LAPTOP-Tahir with PID 12724 (started by Mh9 in C:\apps\todo\todo)
2019-03-06 12:02:37.373  INFO LAPTOP-Tahir --- [           main] c.s.p.c.p.UpdateSysConfigParamTests     :679 : The following profiles are active: test
2019-03-06 12:02:39.186  INFO LAPTOP-Tahir --- [           main] trationDelegate$BeanPostProcessorChecker:330 : Bean 'org.springframework.transaction.annotation.ProxyTransactionManagementConfiguration' of type [org.springframework.transaction.annotation.ProxyTransactionManagementConfiguration$$EnhancerBySpringCGLIB$$b1d9f7c] is not eligible for getting processed by all BeanPostProcessors (for example: not eligible for auto-proxying)
2019-03-06 12:02:40.876  INFO LAPTOP-Tahir --- [           main] o.s.b.a.e.w.EndpointLinksResolver       :59 : Exposing 14 endpoint(s) beneath base path '/actuator'
2019-03-06 12:02:41.163  INFO LAPTOP-Tahir --- [           main] pertySourcedRequestMappingHandlerMapping:69 : Mapped URL path [/v2/api-docs] onto method [public org.springframework.http.ResponseEntity<springfox.documentation.spring.web.json.Json> springfox.documentation.swagger2.web.Swagger2Controller.getDocumentation(java.lang.String,javax.servlet.http.HttpServletRequest)]
2019-03-06 12:02:41.803  INFO LAPTOP-Tahir --- [           main] o.s.s.c.ThreadPoolTaskExecutor          :171 : Initializing ExecutorService 'applicationTaskExecutor'
2019-03-06 12:02:42.764  INFO LAPTOP-Tahir --- [           main] d.s.w.p.DocumentationPluginsBootstrapper:160 : Context refreshed
2019-03-06 12:02:42.821  INFO LAPTOP-Tahir --- [           main] d.s.w.p.DocumentationPluginsBootstrapper:163 : Found 1 custom documentation plugin(s)
2019-03-06 12:02:42.907  INFO LAPTOP-Tahir --- [           main] s.d.s.w.s.ApiListingReferenceScanner    :41 : Scanning for api listing references
2019-03-06 12:02:43.175  INFO LAPTOP-Tahir --- [           main] .d.s.w.r.o.CachingOperationNameGenerator:40 : Generating unique operation named: handleUsingGET_1
2019-03-06 12:02:43.178  INFO LAPTOP-Tahir --- [           main] .d.s.w.r.o.CachingOperationNameGenerator:40 : Generating unique operation named: handleUsingGET_2
2019-03-06 12:02:43.180  INFO LAPTOP-Tahir --- [           main] .d.s.w.r.o.CachingOperationNameGenerator:40 : Generating unique operation named: handleUsingGET_3
2019-03-06 12:02:43.182  INFO LAPTOP-Tahir --- [           main] .d.s.w.r.o.CachingOperationNameGenerator:40 : Generating unique operation named: handleUsingDELETE_1
2019-03-06 12:02:43.184  INFO LAPTOP-Tahir --- [           main] .d.s.w.r.o.CachingOperationNameGenerator:40 : Generating unique operation named: handleUsingGET_4
2019-03-06 12:02:43.186  INFO LAPTOP-Tahir --- [           main] .d.s.w.r.o.CachingOperationNameGenerator:40 : Generating unique operation named: handleUsingGET_5
2019-03-06 12:02:43.187  INFO LAPTOP-Tahir --- [           main] .d.s.w.r.o.CachingOperationNameGenerator:40 : Generating unique operation named: handleUsingGET_6
2019-03-06 12:02:43.189  INFO LAPTOP-Tahir --- [           main] .d.s.w.r.o.CachingOperationNameGenerator:40 : Generating unique operation named: handleUsingGET_7
2019-03-06 12:02:43.191  INFO LAPTOP-Tahir --- [           main] .d.s.w.r.o.CachingOperationNameGenerator:40 : Generating unique operation named: handleUsingGET_8
2019-03-06 12:02:43.193  INFO LAPTOP-Tahir --- [           main] .d.s.w.r.o.CachingOperationNameGenerator:40 : Generating unique operation named: handleUsingGET_9
2019-03-06 12:02:43.195  INFO LAPTOP-Tahir --- [           main] .d.s.w.r.o.CachingOperationNameGenerator:40 : Generating unique operation named: handleUsingGET_10
2019-03-06 12:02:43.196  INFO LAPTOP-Tahir --- [           main] .d.s.w.r.o.CachingOperationNameGenerator:40 : Generating unique operation named: handleUsingGET_11
2019-03-06 12:02:43.198  INFO LAPTOP-Tahir --- [           main] .d.s.w.r.o.CachingOperationNameGenerator:40 : Generating unique operation named: handleUsingGET_12
2019-03-06 12:02:43.199  INFO LAPTOP-Tahir --- [           main] .d.s.w.r.o.CachingOperationNameGenerator:40 : Generating unique operation named: handleUsingGET_13
2019-03-06 12:02:43.201  INFO LAPTOP-Tahir --- [           main] .d.s.w.r.o.CachingOperationNameGenerator:40 : Generating unique operation named: handleUsingGET_14
2019-03-06 12:02:43.203  INFO LAPTOP-Tahir --- [           main] .d.s.w.r.o.CachingOperationNameGenerator:40 : Generating unique operation named: handleUsingGET_15
2019-03-06 12:02:43.205  INFO LAPTOP-Tahir --- [           main] .d.s.w.r.o.CachingOperationNameGenerator:40 : Generating unique operation named: handleUsingGET_16
2019-03-06 12:02:43.207  INFO LAPTOP-Tahir --- [           main] .d.s.w.r.o.CachingOperationNameGenerator:40 : Generating unique operation named: handleUsingGET_17
2019-03-06 12:02:43.208  INFO LAPTOP-Tahir --- [           main] .d.s.w.r.o.CachingOperationNameGenerator:40 : Generating unique operation named: handleUsingGET_18
2019-03-06 12:02:43.225  INFO LAPTOP-Tahir --- [           main] .d.s.w.r.o.CachingOperationNameGenerator:40 : Generating unique operation named: listTodoUsingGET_1
2019-03-06 12:02:43.258  INFO LAPTOP-Tahir --- [           main] c.s.p.c.p.UpdateSysConfigParamTests     :59 : Started UpdateSysConfigParamTests in 6.245 seconds (JVM running for 8.101)
2019-03-06 12:02:43.459  INFO LAPTOP-Tahir --- [           main] c.z.h.HikariDataSource                  :110 : HikariConnectionPool - Starting...
2019-03-06 12:02:48.007  INFO LAPTOP-Tahir --- [           main] c.z.h.HikariDataSource                  :123 : HikariConnectionPool - Start completed.
2019-03-06 12:02:50.171  INFO LAPTOP-Tahir --- [       Thread-5] o.s.s.c.ThreadPoolTaskExecutor          :208 : Shutting down ExecutorService 'applicationTaskExecutor'
2019-03-06 12:02:50.172  INFO LAPTOP-Tahir --- [       Thread-5] c.z.h.HikariDataSource                  :350 : HikariConnectionPool - Shutdown initiated...
2019-03-06 12:02:51.036  INFO LAPTOP-Tahir --- [       Thread-5] c.z.h.HikariDataSource                  :352 : HikariConnectionPool - Shutdown completed.
2019-03-06 12:03:18.702  INFO LAPTOP-Tahir --- [           main] .b.t.c.SpringBootTestContextBootstrapper:308 : Neither @ContextConfiguration nor @ContextHierarchy found for test class [com.safari.pg.cbsint.udr.GetDistributorMerchantListTests], using SpringBootContextLoader
2019-03-06 12:03:18.712  INFO LAPTOP-Tahir --- [           main] o.s.t.c.s.AbstractContextLoader         :264 : Could not detect default resource locations for test class [com.safari.pg.cbsint.udr.GetDistributorMerchantListTests]: no resource found for suffixes {-context.xml, Context.groovy}.
2019-03-06 12:03:18.867  INFO LAPTOP-Tahir --- [           main] .b.t.c.SpringBootTestContextBootstrapper:248 : Loaded default TestExecutionListener class names from location [META-INF/spring.factories]: [org.springframework.boot.test.mock.mockito.MockitoTestExecutionListener, org.springframework.boot.test.mock.mockito.ResetMocksTestExecutionListener, org.springframework.boot.test.autoconfigure.restdocs.RestDocsTestExecutionListener, org.springframework.boot.test.autoconfigure.web.client.MockRestServiceServerResetTestExecutionListener, org.springframework.boot.test.autoconfigure.web.servlet.MockMvcPrintOnlyOnFailureTestExecutionListener, org.springframework.boot.test.autoconfigure.web.servlet.WebDriverTestExecutionListener, org.springframework.test.context.web.ServletTestExecutionListener, org.springframework.test.context.support.DirtiesContextBeforeModesTestExecutionListener, org.springframework.test.context.support.DependencyInjectionTestExecutionListener, org.springframework.test.context.support.DirtiesContextTestExecutionListener, org.springframework.test.context.transaction.TransactionalTestExecutionListener, org.springframework.test.context.jdbc.SqlScriptsTestExecutionListener]
2019-03-06 12:03:18.885  INFO LAPTOP-Tahir --- [           main] .b.t.c.SpringBootTestContextBootstrapper:177 : Using TestExecutionListeners: [org.springframework.test.context.web.ServletTestExecutionListener@3f191845, org.springframework.test.context.support.DirtiesContextBeforeModesTestExecutionListener@5f049ea1, org.springframework.boot.test.mock.mockito.MockitoTestExecutionListener@72cc7e6f, org.springframework.boot.test.autoconfigure.SpringBootDependencyInjectionTestExecutionListener@5afa3c9, org.springframework.test.context.support.DirtiesContextTestExecutionListener@72035809, org.springframework.test.context.transaction.TransactionalTestExecutionListener@909217e, org.springframework.test.context.jdbc.SqlScriptsTestExecutionListener@18271936, org.springframework.boot.test.mock.mockito.ResetMocksTestExecutionListener@606e4010, org.springframework.boot.test.autoconfigure.restdocs.RestDocsTestExecutionListener@8458f04, org.springframework.boot.test.autoconfigure.web.client.MockRestServiceServerResetTestExecutionListener@48075da3, org.springframework.boot.test.autoconfigure.web.servlet.MockMvcPrintOnlyOnFailureTestExecutionListener@68c9133c, org.springframework.boot.test.autoconfigure.web.servlet.WebDriverTestExecutionListener@7a35b0f5]
2019-03-06 12:03:19.331  INFO LAPTOP-Tahir --- [           main] .s.p.c.u.GetDistributorMerchantListTests:50 : Starting GetDistributorMerchantListTests on LAPTOP-Tahir with PID 22548 (started by Mh9 in C:\apps\todo\todo)
2019-03-06 12:03:19.333  INFO LAPTOP-Tahir --- [           main] .s.p.c.u.GetDistributorMerchantListTests:679 : The following profiles are active: test
2019-03-06 12:03:21.465  INFO LAPTOP-Tahir --- [           main] trationDelegate$BeanPostProcessorChecker:330 : Bean 'org.springframework.transaction.annotation.ProxyTransactionManagementConfiguration' of type [org.springframework.transaction.annotation.ProxyTransactionManagementConfiguration$$EnhancerBySpringCGLIB$$b1d9f7c] is not eligible for getting processed by all BeanPostProcessors (for example: not eligible for auto-proxying)
2019-03-06 12:03:23.250  INFO LAPTOP-Tahir --- [           main] o.s.b.a.e.w.EndpointLinksResolver       :59 : Exposing 14 endpoint(s) beneath base path '/actuator'
2019-03-06 12:03:23.655  INFO LAPTOP-Tahir --- [           main] pertySourcedRequestMappingHandlerMapping:69 : Mapped URL path [/v2/api-docs] onto method [public org.springframework.http.ResponseEntity<springfox.documentation.spring.web.json.Json> springfox.documentation.swagger2.web.Swagger2Controller.getDocumentation(java.lang.String,javax.servlet.http.HttpServletRequest)]
2019-03-06 12:03:24.132  INFO LAPTOP-Tahir --- [           main] o.s.s.c.ThreadPoolTaskExecutor          :171 : Initializing ExecutorService 'applicationTaskExecutor'
2019-03-06 12:03:24.712  INFO LAPTOP-Tahir --- [           main] d.s.w.p.DocumentationPluginsBootstrapper:160 : Context refreshed
2019-03-06 12:03:24.741  INFO LAPTOP-Tahir --- [           main] d.s.w.p.DocumentationPluginsBootstrapper:163 : Found 1 custom documentation plugin(s)
2019-03-06 12:03:24.792  INFO LAPTOP-Tahir --- [           main] s.d.s.w.s.ApiListingReferenceScanner    :41 : Scanning for api listing references
2019-03-06 12:03:25.057  INFO LAPTOP-Tahir --- [           main] .d.s.w.r.o.CachingOperationNameGenerator:40 : Generating unique operation named: handleUsingGET_1
2019-03-06 12:03:25.061  INFO LAPTOP-Tahir --- [           main] .d.s.w.r.o.CachingOperationNameGenerator:40 : Generating unique operation named: handleUsingGET_2
2019-03-06 12:03:25.067  INFO LAPTOP-Tahir --- [           main] .d.s.w.r.o.CachingOperationNameGenerator:40 : Generating unique operation named: handleUsingGET_3
2019-03-06 12:03:25.070  INFO LAPTOP-Tahir --- [           main] .d.s.w.r.o.CachingOperationNameGenerator:40 : Generating unique operation named: handleUsingDELETE_1
2019-03-06 12:03:25.073  INFO LAPTOP-Tahir --- [           main] .d.s.w.r.o.CachingOperationNameGenerator:40 : Generating unique operation named: handleUsingGET_4
2019-03-06 12:03:25.077  INFO LAPTOP-Tahir --- [           main] .d.s.w.r.o.CachingOperationNameGenerator:40 : Generating unique operation named: handleUsingGET_5
2019-03-06 12:03:25.081  INFO LAPTOP-Tahir --- [           main] .d.s.w.r.o.CachingOperationNameGenerator:40 : Generating unique operation named: handleUsingGET_6
2019-03-06 12:03:25.084  INFO LAPTOP-Tahir --- [           main] .d.s.w.r.o.CachingOperationNameGenerator:40 : Generating unique operation named: handleUsingGET_7
2019-03-06 12:03:25.088  INFO LAPTOP-Tahir --- [           main] .d.s.w.r.o.CachingOperationNameGenerator:40 : Generating unique operation named: handleUsingGET_8
2019-03-06 12:03:25.091  INFO LAPTOP-Tahir --- [           main] .d.s.w.r.o.CachingOperationNameGenerator:40 : Generating unique operation named: handleUsingGET_9
2019-03-06 12:03:25.094  INFO LAPTOP-Tahir --- [           main] .d.s.w.r.o.CachingOperationNameGenerator:40 : Generating unique operation named: handleUsingGET_10
2019-03-06 12:03:25.098  INFO LAPTOP-Tahir --- [           main] .d.s.w.r.o.CachingOperationNameGenerator:40 : Generating unique operation named: handleUsingGET_11
2019-03-06 12:03:25.101  INFO LAPTOP-Tahir --- [           main] .d.s.w.r.o.CachingOperationNameGenerator:40 : Generating unique operation named: handleUsingGET_12
2019-03-06 12:03:25.105  INFO LAPTOP-Tahir --- [           main] .d.s.w.r.o.CachingOperationNameGenerator:40 : Generating unique operation named: handleUsingGET_13
2019-03-06 12:03:25.108  INFO LAPTOP-Tahir --- [           main] .d.s.w.r.o.CachingOperationNameGenerator:40 : Generating unique operation named: handleUsingGET_14
2019-03-06 12:03:25.112  INFO LAPTOP-Tahir --- [           main] .d.s.w.r.o.CachingOperationNameGenerator:40 : Generating unique operation named: handleUsingGET_15
2019-03-06 12:03:25.116  INFO LAPTOP-Tahir --- [           main] .d.s.w.r.o.CachingOperationNameGenerator:40 : Generating unique operation named: handleUsingGET_16
2019-03-06 12:03:25.120  INFO LAPTOP-Tahir --- [           main] .d.s.w.r.o.CachingOperationNameGenerator:40 : Generating unique operation named: handleUsingGET_17
2019-03-06 12:03:25.123  INFO LAPTOP-Tahir --- [           main] .d.s.w.r.o.CachingOperationNameGenerator:40 : Generating unique operation named: handleUsingGET_18
2019-03-06 12:03:25.157  INFO LAPTOP-Tahir --- [           main] .d.s.w.r.o.CachingOperationNameGenerator:40 : Generating unique operation named: listTodoUsingGET_1
2019-03-06 12:03:25.215  INFO LAPTOP-Tahir --- [           main] .s.p.c.u.GetDistributorMerchantListTests:59 : Started GetDistributorMerchantListTests in 6.272 seconds (JVM running for 7.493)
2019-03-06 12:03:25.630  INFO LAPTOP-Tahir --- [           main] c.z.h.HikariDataSource                  :110 : HikariConnectionPool - Starting...
2019-03-06 12:03:30.251  INFO LAPTOP-Tahir --- [           main] c.z.h.HikariDataSource                  :123 : HikariConnectionPool - Start completed.
2019-03-06 12:03:32.486  INFO LAPTOP-Tahir --- [       Thread-5] o.s.s.c.ThreadPoolTaskExecutor          :208 : Shutting down ExecutorService 'applicationTaskExecutor'
2019-03-06 12:03:32.489  INFO LAPTOP-Tahir --- [       Thread-5] c.z.h.HikariDataSource                  :350 : HikariConnectionPool - Shutdown initiated...
2019-03-06 12:03:33.231  INFO LAPTOP-Tahir --- [       Thread-5] c.z.h.HikariDataSource                  :352 : HikariConnectionPool - Shutdown completed.
2019-03-06 12:03:46.827  INFO LAPTOP-Tahir --- [           main] .b.t.c.SpringBootTestContextBootstrapper:308 : Neither @ContextConfiguration nor @ContextHierarchy found for test class [com.safari.pg.cbsint.udr.GetCashierInfoTests], using SpringBootContextLoader
2019-03-06 12:03:46.842  INFO LAPTOP-Tahir --- [           main] o.s.t.c.s.AbstractContextLoader         :264 : Could not detect default resource locations for test class [com.safari.pg.cbsint.udr.GetCashierInfoTests]: no resource found for suffixes {-context.xml, Context.groovy}.
2019-03-06 12:03:47.109  INFO LAPTOP-Tahir --- [           main] .b.t.c.SpringBootTestContextBootstrapper:248 : Loaded default TestExecutionListener class names from location [META-INF/spring.factories]: [org.springframework.boot.test.mock.mockito.MockitoTestExecutionListener, org.springframework.boot.test.mock.mockito.ResetMocksTestExecutionListener, org.springframework.boot.test.autoconfigure.restdocs.RestDocsTestExecutionListener, org.springframework.boot.test.autoconfigure.web.client.MockRestServiceServerResetTestExecutionListener, org.springframework.boot.test.autoconfigure.web.servlet.MockMvcPrintOnlyOnFailureTestExecutionListener, org.springframework.boot.test.autoconfigure.web.servlet.WebDriverTestExecutionListener, org.springframework.test.context.web.ServletTestExecutionListener, org.springframework.test.context.support.DirtiesContextBeforeModesTestExecutionListener, org.springframework.test.context.support.DependencyInjectionTestExecutionListener, org.springframework.test.context.support.DirtiesContextTestExecutionListener, org.springframework.test.context.transaction.TransactionalTestExecutionListener, org.springframework.test.context.jdbc.SqlScriptsTestExecutionListener]
2019-03-06 12:03:47.141  INFO LAPTOP-Tahir --- [           main] .b.t.c.SpringBootTestContextBootstrapper:177 : Using TestExecutionListeners: [org.springframework.test.context.web.ServletTestExecutionListener@3f191845, org.springframework.test.context.support.DirtiesContextBeforeModesTestExecutionListener@5f049ea1, org.springframework.boot.test.mock.mockito.MockitoTestExecutionListener@72cc7e6f, org.springframework.boot.test.autoconfigure.SpringBootDependencyInjectionTestExecutionListener@5afa3c9, org.springframework.test.context.support.DirtiesContextTestExecutionListener@72035809, org.springframework.test.context.transaction.TransactionalTestExecutionListener@909217e, org.springframework.test.context.jdbc.SqlScriptsTestExecutionListener@18271936, org.springframework.boot.test.mock.mockito.ResetMocksTestExecutionListener@606e4010, org.springframework.boot.test.autoconfigure.restdocs.RestDocsTestExecutionListener@8458f04, org.springframework.boot.test.autoconfigure.web.client.MockRestServiceServerResetTestExecutionListener@48075da3, org.springframework.boot.test.autoconfigure.web.servlet.MockMvcPrintOnlyOnFailureTestExecutionListener@68c9133c, org.springframework.boot.test.autoconfigure.web.servlet.WebDriverTestExecutionListener@7a35b0f5]
2019-03-06 12:03:47.744  INFO LAPTOP-Tahir --- [           main] c.s.p.c.u.GetCashierInfoTests           :50 : Starting GetCashierInfoTests on LAPTOP-Tahir with PID 8664 (started by Mh9 in C:\apps\todo\todo)
2019-03-06 12:03:47.744  INFO LAPTOP-Tahir --- [           main] c.s.p.c.u.GetCashierInfoTests           :679 : The following profiles are active: test
2019-03-06 12:03:49.475  INFO LAPTOP-Tahir --- [           main] trationDelegate$BeanPostProcessorChecker:330 : Bean 'org.springframework.transaction.annotation.ProxyTransactionManagementConfiguration' of type [org.springframework.transaction.annotation.ProxyTransactionManagementConfiguration$$EnhancerBySpringCGLIB$$b1d9f7c] is not eligible for getting processed by all BeanPostProcessors (for example: not eligible for auto-proxying)
2019-03-06 12:03:51.238  INFO LAPTOP-Tahir --- [           main] o.s.b.a.e.w.EndpointLinksResolver       :59 : Exposing 14 endpoint(s) beneath base path '/actuator'
2019-03-06 12:03:51.491  INFO LAPTOP-Tahir --- [           main] pertySourcedRequestMappingHandlerMapping:69 : Mapped URL path [/v2/api-docs] onto method [public org.springframework.http.ResponseEntity<springfox.documentation.spring.web.json.Json> springfox.documentation.swagger2.web.Swagger2Controller.getDocumentation(java.lang.String,javax.servlet.http.HttpServletRequest)]
2019-03-06 12:03:51.962  INFO LAPTOP-Tahir --- [           main] o.s.s.c.ThreadPoolTaskExecutor          :171 : Initializing ExecutorService 'applicationTaskExecutor'
2019-03-06 12:03:52.814  INFO LAPTOP-Tahir --- [           main] d.s.w.p.DocumentationPluginsBootstrapper:160 : Context refreshed
2019-03-06 12:03:52.865  INFO LAPTOP-Tahir --- [           main] d.s.w.p.DocumentationPluginsBootstrapper:163 : Found 1 custom documentation plugin(s)
2019-03-06 12:03:52.949  INFO LAPTOP-Tahir --- [           main] s.d.s.w.s.ApiListingReferenceScanner    :41 : Scanning for api listing references
2019-03-06 12:03:53.311  INFO LAPTOP-Tahir --- [           main] .d.s.w.r.o.CachingOperationNameGenerator:40 : Generating unique operation named: handleUsingGET_1
2019-03-06 12:03:53.315  INFO LAPTOP-Tahir --- [           main] .d.s.w.r.o.CachingOperationNameGenerator:40 : Generating unique operation named: handleUsingGET_2
2019-03-06 12:03:53.321  INFO LAPTOP-Tahir --- [           main] .d.s.w.r.o.CachingOperationNameGenerator:40 : Generating unique operation named: handleUsingGET_3
2019-03-06 12:03:53.324  INFO LAPTOP-Tahir --- [           main] .d.s.w.r.o.CachingOperationNameGenerator:40 : Generating unique operation named: handleUsingDELETE_1
2019-03-06 12:03:53.326  INFO LAPTOP-Tahir --- [           main] .d.s.w.r.o.CachingOperationNameGenerator:40 : Generating unique operation named: handleUsingGET_4
2019-03-06 12:03:53.329  INFO LAPTOP-Tahir --- [           main] .d.s.w.r.o.CachingOperationNameGenerator:40 : Generating unique operation named: handleUsingGET_5
2019-03-06 12:03:53.331  INFO LAPTOP-Tahir --- [           main] .d.s.w.r.o.CachingOperationNameGenerator:40 : Generating unique operation named: handleUsingGET_6
2019-03-06 12:03:53.334  INFO LAPTOP-Tahir --- [           main] .d.s.w.r.o.CachingOperationNameGenerator:40 : Generating unique operation named: handleUsingGET_7
2019-03-06 12:03:53.336  INFO LAPTOP-Tahir --- [           main] .d.s.w.r.o.CachingOperationNameGenerator:40 : Generating unique operation named: handleUsingGET_8
2019-03-06 12:03:53.339  INFO LAPTOP-Tahir --- [           main] .d.s.w.r.o.CachingOperationNameGenerator:40 : Generating unique operation named: handleUsingGET_9
2019-03-06 12:03:53.341  INFO LAPTOP-Tahir --- [           main] .d.s.w.r.o.CachingOperationNameGenerator:40 : Generating unique operation named: handleUsingGET_10
2019-03-06 12:03:53.344  INFO LAPTOP-Tahir --- [           main] .d.s.w.r.o.CachingOperationNameGenerator:40 : Generating unique operation named: handleUsingGET_11
2019-03-06 12:03:53.346  INFO LAPTOP-Tahir --- [           main] .d.s.w.r.o.CachingOperationNameGenerator:40 : Generating unique operation named: handleUsingGET_12
2019-03-06 12:03:53.349  INFO LAPTOP-Tahir --- [           main] .d.s.w.r.o.CachingOperationNameGenerator:40 : Generating unique operation named: handleUsingGET_13
2019-03-06 12:03:53.351  INFO LAPTOP-Tahir --- [           main] .d.s.w.r.o.CachingOperationNameGenerator:40 : Generating unique operation named: handleUsingGET_14
2019-03-06 12:03:53.354  INFO LAPTOP-Tahir --- [           main] .d.s.w.r.o.CachingOperationNameGenerator:40 : Generating unique operation named: handleUsingGET_15
2019-03-06 12:03:53.356  INFO LAPTOP-Tahir --- [           main] .d.s.w.r.o.CachingOperationNameGenerator:40 : Generating unique operation named: handleUsingGET_16
2019-03-06 12:03:53.359  INFO LAPTOP-Tahir --- [           main] .d.s.w.r.o.CachingOperationNameGenerator:40 : Generating unique operation named: handleUsingGET_17
2019-03-06 12:03:53.361  INFO LAPTOP-Tahir --- [           main] .d.s.w.r.o.CachingOperationNameGenerator:40 : Generating unique operation named: handleUsingGET_18
2019-03-06 12:03:53.396  INFO LAPTOP-Tahir --- [           main] .d.s.w.r.o.CachingOperationNameGenerator:40 : Generating unique operation named: listTodoUsingGET_1
2019-03-06 12:03:53.442  INFO LAPTOP-Tahir --- [           main] c.s.p.c.u.GetCashierInfoTests           :59 : Started GetCashierInfoTests in 6.192 seconds (JVM running for 7.831)
2019-03-06 12:03:53.787  INFO LAPTOP-Tahir --- [           main] c.z.h.HikariDataSource                  :110 : HikariConnectionPool - Starting...
2019-03-06 12:03:57.886  INFO LAPTOP-Tahir --- [           main] c.z.h.HikariDataSource                  :123 : HikariConnectionPool - Start completed.
2019-03-06 12:03:59.854 ERROR LAPTOP-Tahir --- [           main] c.s.p.c.d.e.ExceptionUtils              :21 : Complete Stack Trace: com.fasterxml.jackson.databind.exc.MismatchedInputException: Cannot deserialize instance of `com.safari.pg.cbs.def._CashierInfo` out of START_ARRAY token
 at [Source: (String)"[{"cashierTypeId":1,"description":"POS"},{"cashierTypeId":2,"description":"web_portal"},{"cashierTypeId":3,"description":"API_USER"}]"; line: 1, column: 1]
	at com.fasterxml.jackson.databind.exc.MismatchedInputException.from(MismatchedInputException.java:63)
	at com.fasterxml.jackson.databind.DeserializationContext.reportInputMismatch(DeserializationContext.java:1343)
	at com.fasterxml.jackson.databind.DeserializationContext.handleUnexpectedToken(DeserializationContext.java:1139)
	at com.fasterxml.jackson.databind.DeserializationContext.handleUnexpectedToken(DeserializationContext.java:1093)
	at com.fasterxml.jackson.databind.deser.BeanDeserializerBase.deserializeFromArray(BeanDeserializerBase.java:1461)
	at com.fasterxml.jackson.databind.deser.BeanDeserializer._deserializeOther(BeanDeserializer.java:185)
	at com.fasterxml.jackson.databind.deser.BeanDeserializer.deserialize(BeanDeserializer.java:161)
	at com.fasterxml.jackson.databind.ObjectMapper._readMapAndClose(ObjectMapper.java:4013)
	at com.fasterxml.jackson.databind.ObjectMapper.readValue(ObjectMapper.java:3023)
	at com.safari.pg.cbsint.CbsShInterface.getCashierInfo(CbsShInterface.java:1338)
	at com.safari.pg.cbsint.udr.GetCashierInfoTests.getCashierInfo_ThrowsException(GetCashierInfoTests.java:46)
	at sun.reflect.NativeMethodAccessorImpl.invoke0(Native Method)
	at sun.reflect.NativeMethodAccessorImpl.invoke(NativeMethodAccessorImpl.java:62)
	at sun.reflect.DelegatingMethodAccessorImpl.invoke(DelegatingMethodAccessorImpl.java:43)
	at java.lang.reflect.Method.invoke(Method.java:498)
	at org.junit.runners.model.FrameworkMethod$1.runReflectiveCall(FrameworkMethod.java:50)
	at org.junit.internal.runners.model.ReflectiveCallable.run(ReflectiveCallable.java:12)
	at org.junit.runners.model.FrameworkMethod.invokeExplosively(FrameworkMethod.java:47)
	at org.junit.internal.runners.statements.InvokeMethod.evaluate(InvokeMethod.java:17)
	at org.springframework.test.context.junit4.statements.RunBeforeTestExecutionCallbacks.evaluate(RunBeforeTestExecutionCallbacks.java:74)
	at org.springframework.test.context.junit4.statements.RunAfterTestExecutionCallbacks.evaluate(RunAfterTestExecutionCallbacks.java:84)
	at org.junit.internal.runners.statements.ExpectException.evaluate(ExpectException.java:19)
	at org.junit.internal.runners.statements.RunBefores.evaluate(RunBefores.java:26)
	at org.springframework.test.context.junit4.statements.RunBeforeTestMethodCallbacks.evaluate(RunBeforeTestMethodCallbacks.java:75)
	at org.springframework.test.context.junit4.statements.RunAfterTestMethodCallbacks.evaluate(RunAfterTestMethodCallbacks.java:86)
	at org.springframework.test.context.junit4.statements.SpringRepeat.evaluate(SpringRepeat.java:84)
	at org.junit.runners.ParentRunner.runLeaf(ParentRunner.java:325)
	at org.springframework.test.context.junit4.SpringJUnit4ClassRunner.runChild(SpringJUnit4ClassRunner.java:251)
	at org.springframework.test.context.junit4.SpringJUnit4ClassRunner.runChild(SpringJUnit4ClassRunner.java:97)
	at org.junit.runners.ParentRunner$3.run(ParentRunner.java:290)
	at org.junit.runners.ParentRunner$1.schedule(ParentRunner.java:71)
	at org.junit.runners.ParentRunner.runChildren(ParentRunner.java:288)
	at org.junit.runners.ParentRunner.access$000(ParentRunner.java:58)
	at org.junit.runners.ParentRunner$2.evaluate(ParentRunner.java:268)
	at org.springframework.test.context.junit4.statements.RunBeforeTestClassCallbacks.evaluate(RunBeforeTestClassCallbacks.java:61)
	at org.springframework.test.context.junit4.statements.RunAfterTestClassCallbacks.evaluate(RunAfterTestClassCallbacks.java:70)
	at org.junit.runners.ParentRunner.run(ParentRunner.java:363)
	at org.springframework.test.context.junit4.SpringJUnit4ClassRunner.run(SpringJUnit4ClassRunner.java:190)
	at org.eclipse.jdt.internal.junit4.runner.JUnit4TestReference.run(JUnit4TestReference.java:89)
	at org.eclipse.jdt.internal.junit.runner.TestExecution.run(TestExecution.java:41)
	at org.eclipse.jdt.internal.junit.runner.RemoteTestRunner.runTests(RemoteTestRunner.java:541)
	at org.eclipse.jdt.internal.junit.runner.RemoteTestRunner.runTests(RemoteTestRunner.java:763)
	at org.eclipse.jdt.internal.junit.runner.RemoteTestRunner.run(RemoteTestRunner.java:463)
	at org.eclipse.jdt.internal.junit.runner.RemoteTestRunner.main(RemoteTestRunner.java:209)

2019-03-06 12:03:59.863  INFO LAPTOP-Tahir --- [       Thread-5] o.s.s.c.ThreadPoolTaskExecutor          :208 : Shutting down ExecutorService 'applicationTaskExecutor'
2019-03-06 12:03:59.865  INFO LAPTOP-Tahir --- [       Thread-5] c.z.h.HikariDataSource                  :350 : HikariConnectionPool - Shutdown initiated...
2019-03-06 12:04:00.716  INFO LAPTOP-Tahir --- [       Thread-5] c.z.h.HikariDataSource                  :352 : HikariConnectionPool - Shutdown completed.
2019-03-06 12:04:22.766  INFO LAPTOP-Tahir --- [           main] .b.t.c.SpringBootTestContextBootstrapper:308 : Neither @ContextConfiguration nor @ContextHierarchy found for test class [com.safari.pg.cbsint.udr.GetMerchantCashierListTests], using SpringBootContextLoader
2019-03-06 12:04:22.776  INFO LAPTOP-Tahir --- [           main] o.s.t.c.s.AbstractContextLoader         :264 : Could not detect default resource locations for test class [com.safari.pg.cbsint.udr.GetMerchantCashierListTests]: no resource found for suffixes {-context.xml, Context.groovy}.
2019-03-06 12:04:22.938  INFO LAPTOP-Tahir --- [           main] .b.t.c.SpringBootTestContextBootstrapper:248 : Loaded default TestExecutionListener class names from location [META-INF/spring.factories]: [org.springframework.boot.test.mock.mockito.MockitoTestExecutionListener, org.springframework.boot.test.mock.mockito.ResetMocksTestExecutionListener, org.springframework.boot.test.autoconfigure.restdocs.RestDocsTestExecutionListener, org.springframework.boot.test.autoconfigure.web.client.MockRestServiceServerResetTestExecutionListener, org.springframework.boot.test.autoconfigure.web.servlet.MockMvcPrintOnlyOnFailureTestExecutionListener, org.springframework.boot.test.autoconfigure.web.servlet.WebDriverTestExecutionListener, org.springframework.test.context.web.ServletTestExecutionListener, org.springframework.test.context.support.DirtiesContextBeforeModesTestExecutionListener, org.springframework.test.context.support.DependencyInjectionTestExecutionListener, org.springframework.test.context.support.DirtiesContextTestExecutionListener, org.springframework.test.context.transaction.TransactionalTestExecutionListener, org.springframework.test.context.jdbc.SqlScriptsTestExecutionListener]
2019-03-06 12:04:22.956  INFO LAPTOP-Tahir --- [           main] .b.t.c.SpringBootTestContextBootstrapper:177 : Using TestExecutionListeners: [org.springframework.test.context.web.ServletTestExecutionListener@3f191845, org.springframework.test.context.support.DirtiesContextBeforeModesTestExecutionListener@5f049ea1, org.springframework.boot.test.mock.mockito.MockitoTestExecutionListener@72cc7e6f, org.springframework.boot.test.autoconfigure.SpringBootDependencyInjectionTestExecutionListener@5afa3c9, org.springframework.test.context.support.DirtiesContextTestExecutionListener@72035809, org.springframework.test.context.transaction.TransactionalTestExecutionListener@909217e, org.springframework.test.context.jdbc.SqlScriptsTestExecutionListener@18271936, org.springframework.boot.test.mock.mockito.ResetMocksTestExecutionListener@606e4010, org.springframework.boot.test.autoconfigure.restdocs.RestDocsTestExecutionListener@8458f04, org.springframework.boot.test.autoconfigure.web.client.MockRestServiceServerResetTestExecutionListener@48075da3, org.springframework.boot.test.autoconfigure.web.servlet.MockMvcPrintOnlyOnFailureTestExecutionListener@68c9133c, org.springframework.boot.test.autoconfigure.web.servlet.WebDriverTestExecutionListener@7a35b0f5]
2019-03-06 12:04:23.315  INFO LAPTOP-Tahir --- [           main] c.s.p.c.u.GetMerchantCashierListTests   :50 : Starting GetMerchantCashierListTests on LAPTOP-Tahir with PID 24684 (started by Mh9 in C:\apps\todo\todo)
2019-03-06 12:04:23.316  INFO LAPTOP-Tahir --- [           main] c.s.p.c.u.GetMerchantCashierListTests   :679 : The following profiles are active: test
2019-03-06 12:04:25.655  INFO LAPTOP-Tahir --- [           main] trationDelegate$BeanPostProcessorChecker:330 : Bean 'org.springframework.transaction.annotation.ProxyTransactionManagementConfiguration' of type [org.springframework.transaction.annotation.ProxyTransactionManagementConfiguration$$EnhancerBySpringCGLIB$$b1d9f7c] is not eligible for getting processed by all BeanPostProcessors (for example: not eligible for auto-proxying)
2019-03-06 12:04:27.267  INFO LAPTOP-Tahir --- [           main] o.s.b.a.e.w.EndpointLinksResolver       :59 : Exposing 14 endpoint(s) beneath base path '/actuator'
2019-03-06 12:04:27.745  INFO LAPTOP-Tahir --- [           main] pertySourcedRequestMappingHandlerMapping:69 : Mapped URL path [/v2/api-docs] onto method [public org.springframework.http.ResponseEntity<springfox.documentation.spring.web.json.Json> springfox.documentation.swagger2.web.Swagger2Controller.getDocumentation(java.lang.String,javax.servlet.http.HttpServletRequest)]
2019-03-06 12:04:28.462  INFO LAPTOP-Tahir --- [           main] o.s.s.c.ThreadPoolTaskExecutor          :171 : Initializing ExecutorService 'applicationTaskExecutor'
2019-03-06 12:04:29.075  INFO LAPTOP-Tahir --- [           main] d.s.w.p.DocumentationPluginsBootstrapper:160 : Context refreshed
2019-03-06 12:04:29.105  INFO LAPTOP-Tahir --- [           main] d.s.w.p.DocumentationPluginsBootstrapper:163 : Found 1 custom documentation plugin(s)
2019-03-06 12:04:29.146  INFO LAPTOP-Tahir --- [           main] s.d.s.w.s.ApiListingReferenceScanner    :41 : Scanning for api listing references
2019-03-06 12:04:29.340  INFO LAPTOP-Tahir --- [           main] .d.s.w.r.o.CachingOperationNameGenerator:40 : Generating unique operation named: handleUsingGET_1
2019-03-06 12:04:29.341  INFO LAPTOP-Tahir --- [           main] .d.s.w.r.o.CachingOperationNameGenerator:40 : Generating unique operation named: handleUsingGET_2
2019-03-06 12:04:29.344  INFO LAPTOP-Tahir --- [           main] .d.s.w.r.o.CachingOperationNameGenerator:40 : Generating unique operation named: handleUsingGET_3
2019-03-06 12:04:29.346  INFO LAPTOP-Tahir --- [           main] .d.s.w.r.o.CachingOperationNameGenerator:40 : Generating unique operation named: handleUsingDELETE_1
2019-03-06 12:04:29.347  INFO LAPTOP-Tahir --- [           main] .d.s.w.r.o.CachingOperationNameGenerator:40 : Generating unique operation named: handleUsingGET_4
2019-03-06 12:04:29.349  INFO LAPTOP-Tahir --- [           main] .d.s.w.r.o.CachingOperationNameGenerator:40 : Generating unique operation named: handleUsingGET_5
2019-03-06 12:04:29.350  INFO LAPTOP-Tahir --- [           main] .d.s.w.r.o.CachingOperationNameGenerator:40 : Generating unique operation named: handleUsingGET_6
2019-03-06 12:04:29.352  INFO LAPTOP-Tahir --- [           main] .d.s.w.r.o.CachingOperationNameGenerator:40 : Generating unique operation named: handleUsingGET_7
2019-03-06 12:04:29.353  INFO LAPTOP-Tahir --- [           main] .d.s.w.r.o.CachingOperationNameGenerator:40 : Generating unique operation named: handleUsingGET_8
2019-03-06 12:04:29.355  INFO LAPTOP-Tahir --- [           main] .d.s.w.r.o.CachingOperationNameGenerator:40 : Generating unique operation named: handleUsingGET_9
2019-03-06 12:04:29.357  INFO LAPTOP-Tahir --- [           main] .d.s.w.r.o.CachingOperationNameGenerator:40 : Generating unique operation named: handleUsingGET_10
2019-03-06 12:04:29.358  INFO LAPTOP-Tahir --- [           main] .d.s.w.r.o.CachingOperationNameGenerator:40 : Generating unique operation named: handleUsingGET_11
2019-03-06 12:04:29.360  INFO LAPTOP-Tahir --- [           main] .d.s.w.r.o.CachingOperationNameGenerator:40 : Generating unique operation named: handleUsingGET_12
2019-03-06 12:04:29.361  INFO LAPTOP-Tahir --- [           main] .d.s.w.r.o.CachingOperationNameGenerator:40 : Generating unique operation named: handleUsingGET_13
2019-03-06 12:04:29.362  INFO LAPTOP-Tahir --- [           main] .d.s.w.r.o.CachingOperationNameGenerator:40 : Generating unique operation named: handleUsingGET_14
2019-03-06 12:04:29.364  INFO LAPTOP-Tahir --- [           main] .d.s.w.r.o.CachingOperationNameGenerator:40 : Generating unique operation named: handleUsingGET_15
2019-03-06 12:04:29.365  INFO LAPTOP-Tahir --- [           main] .d.s.w.r.o.CachingOperationNameGenerator:40 : Generating unique operation named: handleUsingGET_16
2019-03-06 12:04:29.367  INFO LAPTOP-Tahir --- [           main] .d.s.w.r.o.CachingOperationNameGenerator:40 : Generating unique operation named: handleUsingGET_17
2019-03-06 12:04:29.368  INFO LAPTOP-Tahir --- [           main] .d.s.w.r.o.CachingOperationNameGenerator:40 : Generating unique operation named: handleUsingGET_18
2019-03-06 12:04:29.386  INFO LAPTOP-Tahir --- [           main] .d.s.w.r.o.CachingOperationNameGenerator:40 : Generating unique operation named: listTodoUsingGET_1
2019-03-06 12:04:29.417  INFO LAPTOP-Tahir --- [           main] c.s.p.c.u.GetMerchantCashierListTests   :59 : Started GetMerchantCashierListTests in 6.396 seconds (JVM running for 8.025)
2019-03-06 12:04:29.667  INFO LAPTOP-Tahir --- [           main] c.z.h.HikariDataSource                  :110 : HikariConnectionPool - Starting...
2019-03-06 12:04:34.441  INFO LAPTOP-Tahir --- [           main] c.z.h.HikariDataSource                  :123 : HikariConnectionPool - Start completed.
2019-03-06 12:04:36.588  INFO LAPTOP-Tahir --- [       Thread-5] o.s.s.c.ThreadPoolTaskExecutor          :208 : Shutting down ExecutorService 'applicationTaskExecutor'
2019-03-06 12:04:36.589  INFO LAPTOP-Tahir --- [       Thread-5] c.z.h.HikariDataSource                  :350 : HikariConnectionPool - Shutdown initiated...
2019-03-06 12:04:37.674  INFO LAPTOP-Tahir --- [       Thread-5] c.z.h.HikariDataSource                  :352 : HikariConnectionPool - Shutdown completed.
2019-03-06 14:10:14.486  INFO LAPTOP-Tahir --- [           main] .b.t.c.SpringBootTestContextBootstrapper:308 : Neither @ContextConfiguration nor @ContextHierarchy found for test class [com.safari.pg.cbsint.pur.CreatePaymentProcessorUserTests], using SpringBootContextLoader
2019-03-06 14:10:14.495  INFO LAPTOP-Tahir --- [           main] o.s.t.c.s.AbstractContextLoader         :264 : Could not detect default resource locations for test class [com.safari.pg.cbsint.pur.CreatePaymentProcessorUserTests]: no resource found for suffixes {-context.xml, Context.groovy}.
2019-03-06 14:10:14.636  INFO LAPTOP-Tahir --- [           main] .b.t.c.SpringBootTestContextBootstrapper:248 : Loaded default TestExecutionListener class names from location [META-INF/spring.factories]: [org.springframework.boot.test.mock.mockito.MockitoTestExecutionListener, org.springframework.boot.test.mock.mockito.ResetMocksTestExecutionListener, org.springframework.boot.test.autoconfigure.restdocs.RestDocsTestExecutionListener, org.springframework.boot.test.autoconfigure.web.client.MockRestServiceServerResetTestExecutionListener, org.springframework.boot.test.autoconfigure.web.servlet.MockMvcPrintOnlyOnFailureTestExecutionListener, org.springframework.boot.test.autoconfigure.web.servlet.WebDriverTestExecutionListener, org.springframework.test.context.web.ServletTestExecutionListener, org.springframework.test.context.support.DirtiesContextBeforeModesTestExecutionListener, org.springframework.test.context.support.DependencyInjectionTestExecutionListener, org.springframework.test.context.support.DirtiesContextTestExecutionListener, org.springframework.test.context.transaction.TransactionalTestExecutionListener, org.springframework.test.context.jdbc.SqlScriptsTestExecutionListener]
2019-03-06 14:10:14.652  INFO LAPTOP-Tahir --- [           main] .b.t.c.SpringBootTestContextBootstrapper:177 : Using TestExecutionListeners: [org.springframework.test.context.web.ServletTestExecutionListener@28261e8e, org.springframework.test.context.support.DirtiesContextBeforeModesTestExecutionListener@d737b89, org.springframework.boot.test.mock.mockito.MockitoTestExecutionListener@8519cb4, org.springframework.boot.test.autoconfigure.SpringBootDependencyInjectionTestExecutionListener@35dab4eb, org.springframework.test.context.support.DirtiesContextTestExecutionListener@2d901eb0, org.springframework.test.context.transaction.TransactionalTestExecutionListener@3ba987b8, org.springframework.test.context.jdbc.SqlScriptsTestExecutionListener@3f191845, org.springframework.boot.test.mock.mockito.ResetMocksTestExecutionListener@5f049ea1, org.springframework.boot.test.autoconfigure.restdocs.RestDocsTestExecutionListener@72cc7e6f, org.springframework.boot.test.autoconfigure.web.client.MockRestServiceServerResetTestExecutionListener@5afa3c9, org.springframework.boot.test.autoconfigure.web.servlet.MockMvcPrintOnlyOnFailureTestExecutionListener@72035809, org.springframework.boot.test.autoconfigure.web.servlet.WebDriverTestExecutionListener@909217e]
2019-03-06 14:10:14.988  INFO LAPTOP-Tahir --- [           main] .s.p.c.p.CreatePaymentProcessorUserTests:50 : Starting CreatePaymentProcessorUserTests on LAPTOP-Tahir with PID 29764 (started by Mh9 in C:\apps\todo\todo)
2019-03-06 14:10:14.988  INFO LAPTOP-Tahir --- [           main] .s.p.c.p.CreatePaymentProcessorUserTests:679 : The following profiles are active: test
2019-03-06 14:10:17.145  INFO LAPTOP-Tahir --- [           main] trationDelegate$BeanPostProcessorChecker:330 : Bean 'org.springframework.transaction.annotation.ProxyTransactionManagementConfiguration' of type [org.springframework.transaction.annotation.ProxyTransactionManagementConfiguration$$EnhancerBySpringCGLIB$$b33991dc] is not eligible for getting processed by all BeanPostProcessors (for example: not eligible for auto-proxying)
2019-03-06 14:10:18.486  INFO LAPTOP-Tahir --- [           main] o.s.b.a.e.w.EndpointLinksResolver       :59 : Exposing 14 endpoint(s) beneath base path '/actuator'
2019-03-06 14:10:18.887  INFO LAPTOP-Tahir --- [           main] pertySourcedRequestMappingHandlerMapping:69 : Mapped URL path [/v2/api-docs] onto method [public org.springframework.http.ResponseEntity<springfox.documentation.spring.web.json.Json> springfox.documentation.swagger2.web.Swagger2Controller.getDocumentation(java.lang.String,javax.servlet.http.HttpServletRequest)]
2019-03-06 14:10:19.622  INFO LAPTOP-Tahir --- [           main] o.s.s.c.ThreadPoolTaskExecutor          :171 : Initializing ExecutorService 'applicationTaskExecutor'
2019-03-06 14:10:20.108  INFO LAPTOP-Tahir --- [           main] d.s.w.p.DocumentationPluginsBootstrapper:160 : Context refreshed
2019-03-06 14:10:20.138  INFO LAPTOP-Tahir --- [           main] d.s.w.p.DocumentationPluginsBootstrapper:163 : Found 1 custom documentation plugin(s)
2019-03-06 14:10:20.175  INFO LAPTOP-Tahir --- [           main] s.d.s.w.s.ApiListingReferenceScanner    :41 : Scanning for api listing references
2019-03-06 14:10:20.354  INFO LAPTOP-Tahir --- [           main] .d.s.w.r.o.CachingOperationNameGenerator:40 : Generating unique operation named: handleUsingGET_1
2019-03-06 14:10:20.356  INFO LAPTOP-Tahir --- [           main] .d.s.w.r.o.CachingOperationNameGenerator:40 : Generating unique operation named: handleUsingGET_2
2019-03-06 14:10:20.359  INFO LAPTOP-Tahir --- [           main] .d.s.w.r.o.CachingOperationNameGenerator:40 : Generating unique operation named: handleUsingGET_3
2019-03-06 14:10:20.360  INFO LAPTOP-Tahir --- [           main] .d.s.w.r.o.CachingOperationNameGenerator:40 : Generating unique operation named: handleUsingDELETE_1
2019-03-06 14:10:20.361  INFO LAPTOP-Tahir --- [           main] .d.s.w.r.o.CachingOperationNameGenerator:40 : Generating unique operation named: handleUsingGET_4
2019-03-06 14:10:20.363  INFO LAPTOP-Tahir --- [           main] .d.s.w.r.o.CachingOperationNameGenerator:40 : Generating unique operation named: handleUsingGET_5
2019-03-06 14:10:20.365  INFO LAPTOP-Tahir --- [           main] .d.s.w.r.o.CachingOperationNameGenerator:40 : Generating unique operation named: handleUsingGET_6
2019-03-06 14:10:20.366  INFO LAPTOP-Tahir --- [           main] .d.s.w.r.o.CachingOperationNameGenerator:40 : Generating unique operation named: handleUsingGET_7
2019-03-06 14:10:20.368  INFO LAPTOP-Tahir --- [           main] .d.s.w.r.o.CachingOperationNameGenerator:40 : Generating unique operation named: handleUsingGET_8
2019-03-06 14:10:20.369  INFO LAPTOP-Tahir --- [           main] .d.s.w.r.o.CachingOperationNameGenerator:40 : Generating unique operation named: handleUsingGET_9
2019-03-06 14:10:20.371  INFO LAPTOP-Tahir --- [           main] .d.s.w.r.o.CachingOperationNameGenerator:40 : Generating unique operation named: handleUsingGET_10
2019-03-06 14:10:20.372  INFO LAPTOP-Tahir --- [           main] .d.s.w.r.o.CachingOperationNameGenerator:40 : Generating unique operation named: handleUsingGET_11
2019-03-06 14:10:20.373  INFO LAPTOP-Tahir --- [           main] .d.s.w.r.o.CachingOperationNameGenerator:40 : Generating unique operation named: handleUsingGET_12
2019-03-06 14:10:20.375  INFO LAPTOP-Tahir --- [           main] .d.s.w.r.o.CachingOperationNameGenerator:40 : Generating unique operation named: handleUsingGET_13
2019-03-06 14:10:20.376  INFO LAPTOP-Tahir --- [           main] .d.s.w.r.o.CachingOperationNameGenerator:40 : Generating unique operation named: handleUsingGET_14
2019-03-06 14:10:20.377  INFO LAPTOP-Tahir --- [           main] .d.s.w.r.o.CachingOperationNameGenerator:40 : Generating unique operation named: handleUsingGET_15
2019-03-06 14:10:20.380  INFO LAPTOP-Tahir --- [           main] .d.s.w.r.o.CachingOperationNameGenerator:40 : Generating unique operation named: handleUsingGET_16
2019-03-06 14:10:20.382  INFO LAPTOP-Tahir --- [           main] .d.s.w.r.o.CachingOperationNameGenerator:40 : Generating unique operation named: handleUsingGET_17
2019-03-06 14:10:20.384  INFO LAPTOP-Tahir --- [           main] .d.s.w.r.o.CachingOperationNameGenerator:40 : Generating unique operation named: handleUsingGET_18
2019-03-06 14:10:20.401  INFO LAPTOP-Tahir --- [           main] .d.s.w.r.o.CachingOperationNameGenerator:40 : Generating unique operation named: listTodoUsingGET_1
2019-03-06 14:10:20.422  INFO LAPTOP-Tahir --- [           main] .s.p.c.p.CreatePaymentProcessorUserTests:59 : Started CreatePaymentProcessorUserTests in 5.71 seconds (JVM running for 6.862)
2019-03-06 14:10:20.635  INFO LAPTOP-Tahir --- [           main] c.z.h.HikariDataSource                  :110 : HikariConnectionPool - Starting...
2019-03-06 14:10:25.091  INFO LAPTOP-Tahir --- [           main] c.z.h.HikariDataSource                  :123 : HikariConnectionPool - Start completed.
2019-03-06 14:10:26.954 ERROR LAPTOP-Tahir --- [           main] c.s.p.c.s.s.ServicePur                  :1166 : CbsException: CBSEC_SERVICE_NODATA
2019-03-06 14:10:26.956 ERROR LAPTOP-Tahir --- [           main] c.s.p.c.s.s.ServicePur                  :350 : CbsExc: [Ljava.lang.StackTraceElement;@49190ed6
2019-03-06 14:10:26.961 ERROR LAPTOP-Tahir --- [           main] c.s.p.c.d.e.ExceptionUtils              :21 : Complete Stack Trace: com.safari.pg.cbs.def.CbsException: CBSEC_SERVICE_NODATA
	at com.safari.pg.cbs.services.sh.ServicePur.createPaymentProcessorUser(ServicePur.java:1162)
	at com.safari.pg.cbs.services.sh.ServicePur.process(ServicePur.java:335)
	at com.safari.pg.cbsint.CbsShInterface.createPaymentProcessorUser(CbsShInterface.java:5609)
	at com.safari.pg.cbsint.pur.CreatePaymentProcessorUserTests.createPaymentProcessorUser_ThrowsException(CreatePaymentProcessorUserTests.java:86)
	at sun.reflect.NativeMethodAccessorImpl.invoke0(Native Method)
	at sun.reflect.NativeMethodAccessorImpl.invoke(NativeMethodAccessorImpl.java:62)
	at sun.reflect.DelegatingMethodAccessorImpl.invoke(DelegatingMethodAccessorImpl.java:43)
	at java.lang.reflect.Method.invoke(Method.java:498)
	at org.junit.runners.model.FrameworkMethod$1.runReflectiveCall(FrameworkMethod.java:50)
	at org.junit.internal.runners.model.ReflectiveCallable.run(ReflectiveCallable.java:12)
	at org.junit.runners.model.FrameworkMethod.invokeExplosively(FrameworkMethod.java:47)
	at org.junit.internal.runners.statements.InvokeMethod.evaluate(InvokeMethod.java:17)
	at org.springframework.test.context.junit4.statements.RunBeforeTestExecutionCallbacks.evaluate(RunBeforeTestExecutionCallbacks.java:74)
	at org.springframework.test.context.junit4.statements.RunAfterTestExecutionCallbacks.evaluate(RunAfterTestExecutionCallbacks.java:84)
	at org.junit.internal.runners.statements.ExpectException.evaluate(ExpectException.java:19)
	at org.junit.internal.runners.statements.RunBefores.evaluate(RunBefores.java:26)
	at org.springframework.test.context.junit4.statements.RunBeforeTestMethodCallbacks.evaluate(RunBeforeTestMethodCallbacks.java:75)
	at org.springframework.test.context.junit4.statements.RunAfterTestMethodCallbacks.evaluate(RunAfterTestMethodCallbacks.java:86)
	at org.springframework.test.context.junit4.statements.SpringRepeat.evaluate(SpringRepeat.java:84)
	at org.junit.runners.ParentRunner.runLeaf(ParentRunner.java:325)
	at org.springframework.test.context.junit4.SpringJUnit4ClassRunner.runChild(SpringJUnit4ClassRunner.java:251)
	at org.springframework.test.context.junit4.SpringJUnit4ClassRunner.runChild(SpringJUnit4ClassRunner.java:97)
	at org.junit.runners.ParentRunner$3.run(ParentRunner.java:290)
	at org.junit.runners.ParentRunner$1.schedule(ParentRunner.java:71)
	at org.junit.runners.ParentRunner.runChildren(ParentRunner.java:288)
	at org.junit.runners.ParentRunner.access$000(ParentRunner.java:58)
	at org.junit.runners.ParentRunner$2.evaluate(ParentRunner.java:268)
	at org.springframework.test.context.junit4.statements.RunBeforeTestClassCallbacks.evaluate(RunBeforeTestClassCallbacks.java:61)
	at org.springframework.test.context.junit4.statements.RunAfterTestClassCallbacks.evaluate(RunAfterTestClassCallbacks.java:70)
	at org.junit.runners.ParentRunner.run(ParentRunner.java:363)
	at org.springframework.test.context.junit4.SpringJUnit4ClassRunner.run(SpringJUnit4ClassRunner.java:190)
	at org.eclipse.jdt.internal.junit4.runner.JUnit4TestReference.run(JUnit4TestReference.java:89)
	at org.eclipse.jdt.internal.junit.runner.TestExecution.run(TestExecution.java:41)
	at org.eclipse.jdt.internal.junit.runner.RemoteTestRunner.runTests(RemoteTestRunner.java:541)
	at org.eclipse.jdt.internal.junit.runner.RemoteTestRunner.runTests(RemoteTestRunner.java:763)
	at org.eclipse.jdt.internal.junit.runner.RemoteTestRunner.run(RemoteTestRunner.java:463)
	at org.eclipse.jdt.internal.junit.runner.RemoteTestRunner.main(RemoteTestRunner.java:209)

2019-03-06 14:10:26.967 ERROR LAPTOP-Tahir --- [           main] c.s.p.c.CbsShInterface                  :5634 : CbsIntExc: CBSEC_SERVICE_NODATA
2019-03-06 14:10:29.366 ERROR LAPTOP-Tahir --- [           main] c.s.p.c.s.s.ServicePur                  :1166 : CbsException: CBSEC_SERVICE_NODATA
2019-03-06 14:10:29.367 ERROR LAPTOP-Tahir --- [           main] c.s.p.c.s.s.ServicePur                  :350 : CbsExc: [Ljava.lang.StackTraceElement;@67afe909
2019-03-06 14:10:29.369 ERROR LAPTOP-Tahir --- [           main] c.s.p.c.d.e.ExceptionUtils              :21 : Complete Stack Trace: com.safari.pg.cbs.def.CbsException: CBSEC_SERVICE_NODATA
	at com.safari.pg.cbs.services.sh.ServicePur.createPaymentProcessorUser(ServicePur.java:1162)
	at com.safari.pg.cbs.services.sh.ServicePur.process(ServicePur.java:335)
	at com.safari.pg.cbsint.CbsShInterface.createPaymentProcessorUser(CbsShInterface.java:5609)
	at com.safari.pg.cbsint.pur.CreatePaymentProcessorUserTests.createPaymentProcessorUser(CreatePaymentProcessorUserTests.java:59)
	at sun.reflect.NativeMethodAccessorImpl.invoke0(Native Method)
	at sun.reflect.NativeMethodAccessorImpl.invoke(NativeMethodAccessorImpl.java:62)
	at sun.reflect.DelegatingMethodAccessorImpl.invoke(DelegatingMethodAccessorImpl.java:43)
	at java.lang.reflect.Method.invoke(Method.java:498)
	at org.junit.runners.model.FrameworkMethod$1.runReflectiveCall(FrameworkMethod.java:50)
	at org.junit.internal.runners.model.ReflectiveCallable.run(ReflectiveCallable.java:12)
	at org.junit.runners.model.FrameworkMethod.invokeExplosively(FrameworkMethod.java:47)
	at org.junit.internal.runners.statements.InvokeMethod.evaluate(InvokeMethod.java:17)
	at org.springframework.test.context.junit4.statements.RunBeforeTestExecutionCallbacks.evaluate(RunBeforeTestExecutionCallbacks.java:74)
	at org.springframework.test.context.junit4.statements.RunAfterTestExecutionCallbacks.evaluate(RunAfterTestExecutionCallbacks.java:84)
	at org.junit.internal.runners.statements.RunBefores.evaluate(RunBefores.java:26)
	at org.springframework.test.context.junit4.statements.RunBeforeTestMethodCallbacks.evaluate(RunBeforeTestMethodCallbacks.java:75)
	at org.springframework.test.context.junit4.statements.RunAfterTestMethodCallbacks.evaluate(RunAfterTestMethodCallbacks.java:86)
	at org.springframework.test.context.junit4.statements.SpringRepeat.evaluate(SpringRepeat.java:84)
	at org.junit.runners.ParentRunner.runLeaf(ParentRunner.java:325)
	at org.springframework.test.context.junit4.SpringJUnit4ClassRunner.runChild(SpringJUnit4ClassRunner.java:251)
	at org.springframework.test.context.junit4.SpringJUnit4ClassRunner.runChild(SpringJUnit4ClassRunner.java:97)
	at org.junit.runners.ParentRunner$3.run(ParentRunner.java:290)
	at org.junit.runners.ParentRunner$1.schedule(ParentRunner.java:71)
	at org.junit.runners.ParentRunner.runChildren(ParentRunner.java:288)
	at org.junit.runners.ParentRunner.access$000(ParentRunner.java:58)
	at org.junit.runners.ParentRunner$2.evaluate(ParentRunner.java:268)
	at org.springframework.test.context.junit4.statements.RunBeforeTestClassCallbacks.evaluate(RunBeforeTestClassCallbacks.java:61)
	at org.springframework.test.context.junit4.statements.RunAfterTestClassCallbacks.evaluate(RunAfterTestClassCallbacks.java:70)
	at org.junit.runners.ParentRunner.run(ParentRunner.java:363)
	at org.springframework.test.context.junit4.SpringJUnit4ClassRunner.run(SpringJUnit4ClassRunner.java:190)
	at org.eclipse.jdt.internal.junit4.runner.JUnit4TestReference.run(JUnit4TestReference.java:89)
	at org.eclipse.jdt.internal.junit.runner.TestExecution.run(TestExecution.java:41)
	at org.eclipse.jdt.internal.junit.runner.RemoteTestRunner.runTests(RemoteTestRunner.java:541)
	at org.eclipse.jdt.internal.junit.runner.RemoteTestRunner.runTests(RemoteTestRunner.java:763)
	at org.eclipse.jdt.internal.junit.runner.RemoteTestRunner.run(RemoteTestRunner.java:463)
	at org.eclipse.jdt.internal.junit.runner.RemoteTestRunner.main(RemoteTestRunner.java:209)

2019-03-06 14:10:29.371 ERROR LAPTOP-Tahir --- [           main] c.s.p.c.CbsShInterface                  :5634 : CbsIntExc: CBSEC_SERVICE_NODATA
2019-03-06 14:10:29.397  INFO LAPTOP-Tahir --- [       Thread-5] o.s.s.c.ThreadPoolTaskExecutor          :208 : Shutting down ExecutorService 'applicationTaskExecutor'
2019-03-06 14:10:29.400  INFO LAPTOP-Tahir --- [       Thread-5] c.z.h.HikariDataSource                  :350 : HikariConnectionPool - Shutdown initiated...
2019-03-06 14:10:30.098  INFO LAPTOP-Tahir --- [       Thread-5] c.z.h.HikariDataSource                  :352 : HikariConnectionPool - Shutdown completed.
