2019-02-23 17:58:57.514  INFO LAPTOP-Tahir --- [           main] .b.t.c.SpringBootTestContextBootstrapper:308 : Neither @ContextConfiguration nor @ContextHierarchy found for test class [com.safari.pg.cbsint.udr.GetDeviceInfoByCashierIdTests], using SpringBootContextLoader
2019-02-23 17:58:57.553  INFO LAPTOP-Tahir --- [           main] o.s.t.c.s.AbstractContextLoader         :264 : Could not detect default resource locations for test class [com.safari.pg.cbsint.udr.GetDeviceInfoByCashierIdTests]: no resource found for suffixes {-context.xml, Context.groovy}.
2019-02-23 17:58:57.772  INFO LAPTOP-Tahir --- [           main] .b.t.c.SpringBootTestContextBootstrapper:248 : Loaded default TestExecutionListener class names from location [META-INF/spring.factories]: [org.springframework.boot.test.mock.mockito.MockitoTestExecutionListener, org.springframework.boot.test.mock.mockito.ResetMocksTestExecutionListener, org.springframework.boot.test.autoconfigure.restdocs.RestDocsTestExecutionListener, org.springframework.boot.test.autoconfigure.web.client.MockRestServiceServerResetTestExecutionListener, org.springframework.boot.test.autoconfigure.web.servlet.MockMvcPrintOnlyOnFailureTestExecutionListener, org.springframework.boot.test.autoconfigure.web.servlet.WebDriverTestExecutionListener, org.springframework.test.context.web.ServletTestExecutionListener, org.springframework.test.context.support.DirtiesContextBeforeModesTestExecutionListener, org.springframework.test.context.support.DependencyInjectionTestExecutionListener, org.springframework.test.context.support.DirtiesContextTestExecutionListener, org.springframework.test.context.transaction.TransactionalTestExecutionListener, org.springframework.test.context.jdbc.SqlScriptsTestExecutionListener]
2019-02-23 17:58:57.822  INFO LAPTOP-Tahir --- [           main] .b.t.c.SpringBootTestContextBootstrapper:177 : Using TestExecutionListeners: [org.springframework.test.context.web.ServletTestExecutionListener@72cc7e6f, org.springframework.test.context.support.DirtiesContextBeforeModesTestExecutionListener@5afa3c9, org.springframework.boot.test.mock.mockito.MockitoTestExecutionListener@72035809, org.springframework.boot.test.autoconfigure.SpringBootDependencyInjectionTestExecutionListener@909217e, org.springframework.test.context.support.DirtiesContextTestExecutionListener@18271936, org.springframework.test.context.transaction.TransactionalTestExecutionListener@606e4010, org.springframework.test.context.jdbc.SqlScriptsTestExecutionListener@8458f04, org.springframework.boot.test.mock.mockito.ResetMocksTestExecutionListener@48075da3, org.springframework.boot.test.autoconfigure.restdocs.RestDocsTestExecutionListener@68c9133c, org.springframework.boot.test.autoconfigure.web.client.MockRestServiceServerResetTestExecutionListener@7a35b0f5, org.springframework.boot.test.autoconfigure.web.servlet.MockMvcPrintOnlyOnFailureTestExecutionListener@5e2c3d18, org.springframework.boot.test.autoconfigure.web.servlet.WebDriverTestExecutionListener@2cb4893b]
2019-02-23 17:58:58.215  INFO LAPTOP-Tahir --- [           main] c.s.p.c.u.GetDeviceInfoByCashierIdTests :50 : Starting GetDeviceInfoByCashierIdTests on LAPTOP-Tahir with PID 18216 (started by Mh9 in C:\apps\todo\todo)
2019-02-23 17:58:58.217  INFO LAPTOP-Tahir --- [           main] c.s.p.c.u.GetDeviceInfoByCashierIdTests :679 : The following profiles are active: test
2019-02-23 17:59:00.432  INFO LAPTOP-Tahir --- [           main] trationDelegate$BeanPostProcessorChecker:330 : Bean 'org.springframework.transaction.annotation.ProxyTransactionManagementConfiguration' of type [org.springframework.transaction.annotation.ProxyTransactionManagementConfiguration$$EnhancerBySpringCGLIB$$e36f0a0b] is not eligible for getting processed by all BeanPostProcessors (for example: not eligible for auto-proxying)
2019-02-23 17:59:01.710  INFO LAPTOP-Tahir --- [           main] o.s.b.a.e.w.EndpointLinksResolver       :59 : Exposing 14 endpoint(s) beneath base path '/actuator'
2019-02-23 17:59:02.095  INFO LAPTOP-Tahir --- [           main] pertySourcedRequestMappingHandlerMapping:69 : Mapped URL path [/v2/api-docs] onto method [public org.springframework.http.ResponseEntity<springfox.documentation.spring.web.json.Json> springfox.documentation.swagger2.web.Swagger2Controller.getDocumentation(java.lang.String,javax.servlet.http.HttpServletRequest)]
2019-02-23 17:59:03.047  INFO LAPTOP-Tahir --- [           main] o.s.s.c.ThreadPoolTaskExecutor          :171 : Initializing ExecutorService 'applicationTaskExecutor'
2019-02-23 17:59:03.771  INFO LAPTOP-Tahir --- [           main] d.s.w.p.DocumentationPluginsBootstrapper:160 : Context refreshed
2019-02-23 17:59:03.810  INFO LAPTOP-Tahir --- [           main] d.s.w.p.DocumentationPluginsBootstrapper:163 : Found 1 custom documentation plugin(s)
2019-02-23 17:59:03.861  INFO LAPTOP-Tahir --- [           main] s.d.s.w.s.ApiListingReferenceScanner    :41 : Scanning for api listing references
2019-02-23 17:59:04.091  INFO LAPTOP-Tahir --- [           main] .d.s.w.r.o.CachingOperationNameGenerator:40 : Generating unique operation named: handleUsingGET_1
2019-02-23 17:59:04.094  INFO LAPTOP-Tahir --- [           main] .d.s.w.r.o.CachingOperationNameGenerator:40 : Generating unique operation named: handleUsingGET_2
2019-02-23 17:59:04.098  INFO LAPTOP-Tahir --- [           main] .d.s.w.r.o.CachingOperationNameGenerator:40 : Generating unique operation named: handleUsingGET_3
2019-02-23 17:59:04.099  INFO LAPTOP-Tahir --- [           main] .d.s.w.r.o.CachingOperationNameGenerator:40 : Generating unique operation named: handleUsingDELETE_1
2019-02-23 17:59:04.102  INFO LAPTOP-Tahir --- [           main] .d.s.w.r.o.CachingOperationNameGenerator:40 : Generating unique operation named: handleUsingGET_4
2019-02-23 17:59:04.104  INFO LAPTOP-Tahir --- [           main] .d.s.w.r.o.CachingOperationNameGenerator:40 : Generating unique operation named: handleUsingGET_5
2019-02-23 17:59:04.106  INFO LAPTOP-Tahir --- [           main] .d.s.w.r.o.CachingOperationNameGenerator:40 : Generating unique operation named: handleUsingGET_6
2019-02-23 17:59:04.107  INFO LAPTOP-Tahir --- [           main] .d.s.w.r.o.CachingOperationNameGenerator:40 : Generating unique operation named: handleUsingGET_7
2019-02-23 17:59:04.110  INFO LAPTOP-Tahir --- [           main] .d.s.w.r.o.CachingOperationNameGenerator:40 : Generating unique operation named: handleUsingGET_8
2019-02-23 17:59:04.112  INFO LAPTOP-Tahir --- [           main] .d.s.w.r.o.CachingOperationNameGenerator:40 : Generating unique operation named: handleUsingGET_9
2019-02-23 17:59:04.114  INFO LAPTOP-Tahir --- [           main] .d.s.w.r.o.CachingOperationNameGenerator:40 : Generating unique operation named: handleUsingGET_10
2019-02-23 17:59:04.116  INFO LAPTOP-Tahir --- [           main] .d.s.w.r.o.CachingOperationNameGenerator:40 : Generating unique operation named: handleUsingGET_11
2019-02-23 17:59:04.118  INFO LAPTOP-Tahir --- [           main] .d.s.w.r.o.CachingOperationNameGenerator:40 : Generating unique operation named: handleUsingGET_12
2019-02-23 17:59:04.120  INFO LAPTOP-Tahir --- [           main] .d.s.w.r.o.CachingOperationNameGenerator:40 : Generating unique operation named: handleUsingGET_13
2019-02-23 17:59:04.124  INFO LAPTOP-Tahir --- [           main] .d.s.w.r.o.CachingOperationNameGenerator:40 : Generating unique operation named: handleUsingGET_14
2019-02-23 17:59:04.128  INFO LAPTOP-Tahir --- [           main] .d.s.w.r.o.CachingOperationNameGenerator:40 : Generating unique operation named: handleUsingGET_15
2019-02-23 17:59:04.130  INFO LAPTOP-Tahir --- [           main] .d.s.w.r.o.CachingOperationNameGenerator:40 : Generating unique operation named: handleUsingGET_16
2019-02-23 17:59:04.132  INFO LAPTOP-Tahir --- [           main] .d.s.w.r.o.CachingOperationNameGenerator:40 : Generating unique operation named: handleUsingGET_17
2019-02-23 17:59:04.134  INFO LAPTOP-Tahir --- [           main] .d.s.w.r.o.CachingOperationNameGenerator:40 : Generating unique operation named: handleUsingGET_18
2019-02-23 17:59:04.156  INFO LAPTOP-Tahir --- [           main] .d.s.w.r.o.CachingOperationNameGenerator:40 : Generating unique operation named: listTodoUsingGET_1
2019-02-23 17:59:04.184  INFO LAPTOP-Tahir --- [           main] c.s.p.c.u.GetDeviceInfoByCashierIdTests :59 : Started GetDeviceInfoByCashierIdTests in 6.297 seconds (JVM running for 8.205)
2019-02-23 17:59:04.447  INFO LAPTOP-Tahir --- [           main] c.z.h.HikariDataSource                  :110 : HikariConnectionPool - Starting...
2019-02-23 17:59:09.115  INFO LAPTOP-Tahir --- [           main] c.z.h.HikariDataSource                  :123 : HikariConnectionPool - Start completed.
2019-02-23 17:59:11.719 ERROR LAPTOP-Tahir --- [           main] c.s.p.c.s.s.ServiceUdr                  :1348 : Exception: cashierId: Cashier ID should be greater than 0
2019-02-23 17:59:11.719 ERROR LAPTOP-Tahir --- [           main] c.s.p.c.s.s.ServiceUdr                  :467 : CbsExc: [Ljava.lang.StackTraceElement;@7dd91ffc
2019-02-23 17:59:11.720 ERROR LAPTOP-Tahir --- [           main] c.s.p.c.CbsShInterface                  :1536 : CbsIntExc: 
2019-02-23 17:59:11.726  INFO LAPTOP-Tahir --- [       Thread-5] o.s.s.c.ThreadPoolTaskExecutor          :208 : Shutting down ExecutorService 'applicationTaskExecutor'
2019-02-23 17:59:11.728  INFO LAPTOP-Tahir --- [       Thread-5] c.z.h.HikariDataSource                  :350 : HikariConnectionPool - Shutdown initiated...
2019-02-23 17:59:14.106  INFO LAPTOP-Tahir --- [       Thread-5] c.z.h.HikariDataSource                  :352 : HikariConnectionPool - Shutdown completed.
2019-02-23 18:13:43.312  INFO LAPTOP-Tahir --- [           main] .b.t.c.SpringBootTestContextBootstrapper:308 : Neither @ContextConfiguration nor @ContextHierarchy found for test class [com.safari.pg.cbsint.udr.GetDistributorInfoTests], using SpringBootContextLoader
2019-02-23 18:13:43.322  INFO LAPTOP-Tahir --- [           main] o.s.t.c.s.AbstractContextLoader         :264 : Could not detect default resource locations for test class [com.safari.pg.cbsint.udr.GetDistributorInfoTests]: no resource found for suffixes {-context.xml, Context.groovy}.
2019-02-23 18:13:43.464  INFO LAPTOP-Tahir --- [           main] .b.t.c.SpringBootTestContextBootstrapper:248 : Loaded default TestExecutionListener class names from location [META-INF/spring.factories]: [org.springframework.boot.test.mock.mockito.MockitoTestExecutionListener, org.springframework.boot.test.mock.mockito.ResetMocksTestExecutionListener, org.springframework.boot.test.autoconfigure.restdocs.RestDocsTestExecutionListener, org.springframework.boot.test.autoconfigure.web.client.MockRestServiceServerResetTestExecutionListener, org.springframework.boot.test.autoconfigure.web.servlet.MockMvcPrintOnlyOnFailureTestExecutionListener, org.springframework.boot.test.autoconfigure.web.servlet.WebDriverTestExecutionListener, org.springframework.test.context.web.ServletTestExecutionListener, org.springframework.test.context.support.DirtiesContextBeforeModesTestExecutionListener, org.springframework.test.context.support.DependencyInjectionTestExecutionListener, org.springframework.test.context.support.DirtiesContextTestExecutionListener, org.springframework.test.context.transaction.TransactionalTestExecutionListener, org.springframework.test.context.jdbc.SqlScriptsTestExecutionListener]
2019-02-23 18:13:43.480  INFO LAPTOP-Tahir --- [           main] .b.t.c.SpringBootTestContextBootstrapper:177 : Using TestExecutionListeners: [org.springframework.test.context.web.ServletTestExecutionListener@28261e8e, org.springframework.test.context.support.DirtiesContextBeforeModesTestExecutionListener@d737b89, org.springframework.boot.test.mock.mockito.MockitoTestExecutionListener@8519cb4, org.springframework.boot.test.autoconfigure.SpringBootDependencyInjectionTestExecutionListener@35dab4eb, org.springframework.test.context.support.DirtiesContextTestExecutionListener@2d901eb0, org.springframework.test.context.transaction.TransactionalTestExecutionListener@3ba987b8, org.springframework.test.context.jdbc.SqlScriptsTestExecutionListener@3f191845, org.springframework.boot.test.mock.mockito.ResetMocksTestExecutionListener@5f049ea1, org.springframework.boot.test.autoconfigure.restdocs.RestDocsTestExecutionListener@72cc7e6f, org.springframework.boot.test.autoconfigure.web.client.MockRestServiceServerResetTestExecutionListener@5afa3c9, org.springframework.boot.test.autoconfigure.web.servlet.MockMvcPrintOnlyOnFailureTestExecutionListener@72035809, org.springframework.boot.test.autoconfigure.web.servlet.WebDriverTestExecutionListener@909217e]
2019-02-23 18:13:43.841  INFO LAPTOP-Tahir --- [           main] c.s.p.c.u.GetDistributorInfoTests       :50 : Starting GetDistributorInfoTests on LAPTOP-Tahir with PID 11040 (started by Mh9 in C:\apps\todo\todo)
2019-02-23 18:13:43.842  INFO LAPTOP-Tahir --- [           main] c.s.p.c.u.GetDistributorInfoTests       :679 : The following profiles are active: test
2019-02-23 18:13:46.181  INFO LAPTOP-Tahir --- [           main] trationDelegate$BeanPostProcessorChecker:330 : Bean 'org.springframework.transaction.annotation.ProxyTransactionManagementConfiguration' of type [org.springframework.transaction.annotation.ProxyTransactionManagementConfiguration$$EnhancerBySpringCGLIB$$b33991dc] is not eligible for getting processed by all BeanPostProcessors (for example: not eligible for auto-proxying)
2019-02-23 18:13:47.983  INFO LAPTOP-Tahir --- [           main] o.s.b.a.e.w.EndpointLinksResolver       :59 : Exposing 14 endpoint(s) beneath base path '/actuator'
2019-02-23 18:13:48.472  INFO LAPTOP-Tahir --- [           main] pertySourcedRequestMappingHandlerMapping:69 : Mapped URL path [/v2/api-docs] onto method [public org.springframework.http.ResponseEntity<springfox.documentation.spring.web.json.Json> springfox.documentation.swagger2.web.Swagger2Controller.getDocumentation(java.lang.String,javax.servlet.http.HttpServletRequest)]
2019-02-23 18:13:49.121  INFO LAPTOP-Tahir --- [           main] o.s.s.c.ThreadPoolTaskExecutor          :171 : Initializing ExecutorService 'applicationTaskExecutor'
2019-02-23 18:13:49.706  INFO LAPTOP-Tahir --- [           main] d.s.w.p.DocumentationPluginsBootstrapper:160 : Context refreshed
2019-02-23 18:13:49.734  INFO LAPTOP-Tahir --- [           main] d.s.w.p.DocumentationPluginsBootstrapper:163 : Found 1 custom documentation plugin(s)
2019-02-23 18:13:49.780  INFO LAPTOP-Tahir --- [           main] s.d.s.w.s.ApiListingReferenceScanner    :41 : Scanning for api listing references
2019-02-23 18:13:50.048  INFO LAPTOP-Tahir --- [           main] .d.s.w.r.o.CachingOperationNameGenerator:40 : Generating unique operation named: handleUsingGET_1
2019-02-23 18:13:50.052  INFO LAPTOP-Tahir --- [           main] .d.s.w.r.o.CachingOperationNameGenerator:40 : Generating unique operation named: handleUsingGET_2
2019-02-23 18:13:50.061  INFO LAPTOP-Tahir --- [           main] .d.s.w.r.o.CachingOperationNameGenerator:40 : Generating unique operation named: handleUsingGET_3
2019-02-23 18:13:50.067  INFO LAPTOP-Tahir --- [           main] .d.s.w.r.o.CachingOperationNameGenerator:40 : Generating unique operation named: handleUsingDELETE_1
2019-02-23 18:13:50.076  INFO LAPTOP-Tahir --- [           main] .d.s.w.r.o.CachingOperationNameGenerator:40 : Generating unique operation named: handleUsingGET_4
2019-02-23 18:13:50.082  INFO LAPTOP-Tahir --- [           main] .d.s.w.r.o.CachingOperationNameGenerator:40 : Generating unique operation named: handleUsingGET_5
2019-02-23 18:13:50.095  INFO LAPTOP-Tahir --- [           main] .d.s.w.r.o.CachingOperationNameGenerator:40 : Generating unique operation named: handleUsingGET_6
2019-02-23 18:13:50.100  INFO LAPTOP-Tahir --- [           main] .d.s.w.r.o.CachingOperationNameGenerator:40 : Generating unique operation named: handleUsingGET_7
2019-02-23 18:13:50.104  INFO LAPTOP-Tahir --- [           main] .d.s.w.r.o.CachingOperationNameGenerator:40 : Generating unique operation named: handleUsingGET_8
2019-02-23 18:13:50.109  INFO LAPTOP-Tahir --- [           main] .d.s.w.r.o.CachingOperationNameGenerator:40 : Generating unique operation named: handleUsingGET_9
2019-02-23 18:13:50.113  INFO LAPTOP-Tahir --- [           main] .d.s.w.r.o.CachingOperationNameGenerator:40 : Generating unique operation named: handleUsingGET_10
2019-02-23 18:13:50.116  INFO LAPTOP-Tahir --- [           main] .d.s.w.r.o.CachingOperationNameGenerator:40 : Generating unique operation named: handleUsingGET_11
2019-02-23 18:13:50.120  INFO LAPTOP-Tahir --- [           main] .d.s.w.r.o.CachingOperationNameGenerator:40 : Generating unique operation named: handleUsingGET_12
2019-02-23 18:13:50.124  INFO LAPTOP-Tahir --- [           main] .d.s.w.r.o.CachingOperationNameGenerator:40 : Generating unique operation named: handleUsingGET_13
2019-02-23 18:13:50.134  INFO LAPTOP-Tahir --- [           main] .d.s.w.r.o.CachingOperationNameGenerator:40 : Generating unique operation named: handleUsingGET_14
2019-02-23 18:13:50.142  INFO LAPTOP-Tahir --- [           main] .d.s.w.r.o.CachingOperationNameGenerator:40 : Generating unique operation named: handleUsingGET_15
2019-02-23 18:13:50.146  INFO LAPTOP-Tahir --- [           main] .d.s.w.r.o.CachingOperationNameGenerator:40 : Generating unique operation named: handleUsingGET_16
2019-02-23 18:13:50.150  INFO LAPTOP-Tahir --- [           main] .d.s.w.r.o.CachingOperationNameGenerator:40 : Generating unique operation named: handleUsingGET_17
2019-02-23 18:13:50.154  INFO LAPTOP-Tahir --- [           main] .d.s.w.r.o.CachingOperationNameGenerator:40 : Generating unique operation named: handleUsingGET_18
2019-02-23 18:13:50.199  INFO LAPTOP-Tahir --- [           main] .d.s.w.r.o.CachingOperationNameGenerator:40 : Generating unique operation named: listTodoUsingGET_1
2019-02-23 18:13:50.259  INFO LAPTOP-Tahir --- [           main] c.s.p.c.u.GetDistributorInfoTests       :59 : Started GetDistributorInfoTests in 6.72 seconds (JVM running for 7.891)
2019-02-23 18:13:50.828  INFO LAPTOP-Tahir --- [           main] c.z.h.HikariDataSource                  :110 : HikariConnectionPool - Starting...
2019-02-23 18:13:54.929  INFO LAPTOP-Tahir --- [           main] c.z.h.HikariDataSource                  :123 : HikariConnectionPool - Start completed.
2019-02-23 18:13:56.788  INFO LAPTOP-Tahir --- [           main] c.s.p.c.CbsShInterface                  :1324 : logging payloadStr: [{"cashierTypeId":1,"description":"POS"},{"cashierTypeId":2,"description":"web_portal"},{"cashierTypeId":3,"description":"API_USER"}]
2019-02-23 18:13:56.867 ERROR LAPTOP-Tahir --- [           main] c.s.p.c.d.e.ExceptionUtils              :21 : Complete Stack Trace: com.fasterxml.jackson.databind.exc.MismatchedInputException: Cannot deserialize instance of `com.safari.pg.cbs.def._CashierInfo` out of START_ARRAY token
 at [Source: (String)"[{"cashierTypeId":1,"description":"POS"},{"cashierTypeId":2,"description":"web_portal"},{"cashierTypeId":3,"description":"API_USER"}]"; line: 1, column: 1]
	at com.fasterxml.jackson.databind.exc.MismatchedInputException.from(MismatchedInputException.java:63)
	at com.fasterxml.jackson.databind.DeserializationContext.reportInputMismatch(DeserializationContext.java:1343)
	at com.fasterxml.jackson.databind.DeserializationContext.handleUnexpectedToken(DeserializationContext.java:1139)
	at com.fasterxml.jackson.databind.DeserializationContext.handleUnexpectedToken(DeserializationContext.java:1093)
	at com.fasterxml.jackson.databind.deser.BeanDeserializerBase.deserializeFromArray(BeanDeserializerBase.java:1461)
	at com.fasterxml.jackson.databind.deser.BeanDeserializer._deserializeOther(BeanDeserializer.java:185)
	at com.fasterxml.jackson.databind.deser.BeanDeserializer.deserialize(BeanDeserializer.java:161)
	at com.fasterxml.jackson.databind.ObjectMapper._readMapAndClose(ObjectMapper.java:4013)
	at com.fasterxml.jackson.databind.ObjectMapper.readValue(ObjectMapper.java:3023)
	at com.safari.pg.cbsint.CbsShInterface.getCashierInfo(CbsShInterface.java:1325)
	at com.safari.pg.cbsint.udr.GetDistributorInfoTests.getDistributorInfo(GetDistributorInfoTests.java:39)
	at sun.reflect.NativeMethodAccessorImpl.invoke0(Native Method)
	at sun.reflect.NativeMethodAccessorImpl.invoke(NativeMethodAccessorImpl.java:62)
	at sun.reflect.DelegatingMethodAccessorImpl.invoke(DelegatingMethodAccessorImpl.java:43)
	at java.lang.reflect.Method.invoke(Method.java:498)
	at org.junit.runners.model.FrameworkMethod$1.runReflectiveCall(FrameworkMethod.java:50)
	at org.junit.internal.runners.model.ReflectiveCallable.run(ReflectiveCallable.java:12)
	at org.junit.runners.model.FrameworkMethod.invokeExplosively(FrameworkMethod.java:47)
	at org.junit.internal.runners.statements.InvokeMethod.evaluate(InvokeMethod.java:17)
	at org.springframework.test.context.junit4.statements.RunBeforeTestExecutionCallbacks.evaluate(RunBeforeTestExecutionCallbacks.java:74)
	at org.springframework.test.context.junit4.statements.RunAfterTestExecutionCallbacks.evaluate(RunAfterTestExecutionCallbacks.java:84)
	at org.junit.internal.runners.statements.RunBefores.evaluate(RunBefores.java:26)
	at org.springframework.test.context.junit4.statements.RunBeforeTestMethodCallbacks.evaluate(RunBeforeTestMethodCallbacks.java:75)
	at org.springframework.test.context.junit4.statements.RunAfterTestMethodCallbacks.evaluate(RunAfterTestMethodCallbacks.java:86)
	at org.springframework.test.context.junit4.statements.SpringRepeat.evaluate(SpringRepeat.java:84)
	at org.junit.runners.ParentRunner.runLeaf(ParentRunner.java:325)
	at org.springframework.test.context.junit4.SpringJUnit4ClassRunner.runChild(SpringJUnit4ClassRunner.java:251)
	at org.springframework.test.context.junit4.SpringJUnit4ClassRunner.runChild(SpringJUnit4ClassRunner.java:97)
	at org.junit.runners.ParentRunner$3.run(ParentRunner.java:290)
	at org.junit.runners.ParentRunner$1.schedule(ParentRunner.java:71)
	at org.junit.runners.ParentRunner.runChildren(ParentRunner.java:288)
	at org.junit.runners.ParentRunner.access$000(ParentRunner.java:58)
	at org.junit.runners.ParentRunner$2.evaluate(ParentRunner.java:268)
	at org.springframework.test.context.junit4.statements.RunBeforeTestClassCallbacks.evaluate(RunBeforeTestClassCallbacks.java:61)
	at org.springframework.test.context.junit4.statements.RunAfterTestClassCallbacks.evaluate(RunAfterTestClassCallbacks.java:70)
	at org.junit.runners.ParentRunner.run(ParentRunner.java:363)
	at org.springframework.test.context.junit4.SpringJUnit4ClassRunner.run(SpringJUnit4ClassRunner.java:190)
	at org.eclipse.jdt.internal.junit4.runner.JUnit4TestReference.run(JUnit4TestReference.java:89)
	at org.eclipse.jdt.internal.junit.runner.TestExecution.run(TestExecution.java:41)
	at org.eclipse.jdt.internal.junit.runner.RemoteTestRunner.runTests(RemoteTestRunner.java:541)
	at org.eclipse.jdt.internal.junit.runner.RemoteTestRunner.runTests(RemoteTestRunner.java:763)
	at org.eclipse.jdt.internal.junit.runner.RemoteTestRunner.run(RemoteTestRunner.java:463)
	at org.eclipse.jdt.internal.junit.runner.RemoteTestRunner.main(RemoteTestRunner.java:209)

2019-02-23 18:13:59.275  INFO LAPTOP-Tahir --- [           main] c.s.p.c.CbsShInterface                  :1324 : logging payloadStr: [{"cashierTypeId":1,"description":"POS"},{"cashierTypeId":2,"description":"web_portal"},{"cashierTypeId":3,"description":"API_USER"}]
2019-02-23 18:13:59.280 ERROR LAPTOP-Tahir --- [           main] c.s.p.c.d.e.ExceptionUtils              :21 : Complete Stack Trace: com.fasterxml.jackson.databind.exc.MismatchedInputException: Cannot deserialize instance of `com.safari.pg.cbs.def._CashierInfo` out of START_ARRAY token
 at [Source: (String)"[{"cashierTypeId":1,"description":"POS"},{"cashierTypeId":2,"description":"web_portal"},{"cashierTypeId":3,"description":"API_USER"}]"; line: 1, column: 1]
	at com.fasterxml.jackson.databind.exc.MismatchedInputException.from(MismatchedInputException.java:63)
	at com.fasterxml.jackson.databind.DeserializationContext.reportInputMismatch(DeserializationContext.java:1343)
	at com.fasterxml.jackson.databind.DeserializationContext.handleUnexpectedToken(DeserializationContext.java:1139)
	at com.fasterxml.jackson.databind.DeserializationContext.handleUnexpectedToken(DeserializationContext.java:1093)
	at com.fasterxml.jackson.databind.deser.BeanDeserializerBase.deserializeFromArray(BeanDeserializerBase.java:1461)
	at com.fasterxml.jackson.databind.deser.BeanDeserializer._deserializeOther(BeanDeserializer.java:185)
	at com.fasterxml.jackson.databind.deser.BeanDeserializer.deserialize(BeanDeserializer.java:161)
	at com.fasterxml.jackson.databind.ObjectMapper._readMapAndClose(ObjectMapper.java:4013)
	at com.fasterxml.jackson.databind.ObjectMapper.readValue(ObjectMapper.java:3023)
	at com.safari.pg.cbsint.CbsShInterface.getCashierInfo(CbsShInterface.java:1325)
	at com.safari.pg.cbsint.udr.GetDistributorInfoTests.getDistributorInfo_ThrowsException(GetDistributorInfoTests.java:45)
	at sun.reflect.NativeMethodAccessorImpl.invoke0(Native Method)
	at sun.reflect.NativeMethodAccessorImpl.invoke(NativeMethodAccessorImpl.java:62)
	at sun.reflect.DelegatingMethodAccessorImpl.invoke(DelegatingMethodAccessorImpl.java:43)
	at java.lang.reflect.Method.invoke(Method.java:498)
	at org.junit.runners.model.FrameworkMethod$1.runReflectiveCall(FrameworkMethod.java:50)
	at org.junit.internal.runners.model.ReflectiveCallable.run(ReflectiveCallable.java:12)
	at org.junit.runners.model.FrameworkMethod.invokeExplosively(FrameworkMethod.java:47)
	at org.junit.internal.runners.statements.InvokeMethod.evaluate(InvokeMethod.java:17)
	at org.springframework.test.context.junit4.statements.RunBeforeTestExecutionCallbacks.evaluate(RunBeforeTestExecutionCallbacks.java:74)
	at org.springframework.test.context.junit4.statements.RunAfterTestExecutionCallbacks.evaluate(RunAfterTestExecutionCallbacks.java:84)
	at org.junit.internal.runners.statements.ExpectException.evaluate(ExpectException.java:19)
	at org.junit.internal.runners.statements.RunBefores.evaluate(RunBefores.java:26)
	at org.springframework.test.context.junit4.statements.RunBeforeTestMethodCallbacks.evaluate(RunBeforeTestMethodCallbacks.java:75)
	at org.springframework.test.context.junit4.statements.RunAfterTestMethodCallbacks.evaluate(RunAfterTestMethodCallbacks.java:86)
	at org.springframework.test.context.junit4.statements.SpringRepeat.evaluate(SpringRepeat.java:84)
	at org.junit.runners.ParentRunner.runLeaf(ParentRunner.java:325)
	at org.springframework.test.context.junit4.SpringJUnit4ClassRunner.runChild(SpringJUnit4ClassRunner.java:251)
	at org.springframework.test.context.junit4.SpringJUnit4ClassRunner.runChild(SpringJUnit4ClassRunner.java:97)
	at org.junit.runners.ParentRunner$3.run(ParentRunner.java:290)
	at org.junit.runners.ParentRunner$1.schedule(ParentRunner.java:71)
	at org.junit.runners.ParentRunner.runChildren(ParentRunner.java:288)
	at org.junit.runners.ParentRunner.access$000(ParentRunner.java:58)
	at org.junit.runners.ParentRunner$2.evaluate(ParentRunner.java:268)
	at org.springframework.test.context.junit4.statements.RunBeforeTestClassCallbacks.evaluate(RunBeforeTestClassCallbacks.java:61)
	at org.springframework.test.context.junit4.statements.RunAfterTestClassCallbacks.evaluate(RunAfterTestClassCallbacks.java:70)
	at org.junit.runners.ParentRunner.run(ParentRunner.java:363)
	at org.springframework.test.context.junit4.SpringJUnit4ClassRunner.run(SpringJUnit4ClassRunner.java:190)
	at org.eclipse.jdt.internal.junit4.runner.JUnit4TestReference.run(JUnit4TestReference.java:89)
	at org.eclipse.jdt.internal.junit.runner.TestExecution.run(TestExecution.java:41)
	at org.eclipse.jdt.internal.junit.runner.RemoteTestRunner.runTests(RemoteTestRunner.java:541)
	at org.eclipse.jdt.internal.junit.runner.RemoteTestRunner.runTests(RemoteTestRunner.java:763)
	at org.eclipse.jdt.internal.junit.runner.RemoteTestRunner.run(RemoteTestRunner.java:463)
	at org.eclipse.jdt.internal.junit.runner.RemoteTestRunner.main(RemoteTestRunner.java:209)

2019-02-23 18:13:59.294  INFO LAPTOP-Tahir --- [       Thread-5] o.s.s.c.ThreadPoolTaskExecutor          :208 : Shutting down ExecutorService 'applicationTaskExecutor'
2019-02-23 18:13:59.297  INFO LAPTOP-Tahir --- [       Thread-5] c.z.h.HikariDataSource                  :350 : HikariConnectionPool - Shutdown initiated...
2019-02-23 18:13:59.995  INFO LAPTOP-Tahir --- [       Thread-5] c.z.h.HikariDataSource                  :352 : HikariConnectionPool - Shutdown completed.
